[2026-05-23T00:59:39.252Z] GET /api/parcerias/mensagens/todas
[2026-05-23T01:00:08.098Z] POST /test/mockdb-criar
[2026-05-23T01:00:39.233Z] GET /api/parcerias/mensagens/todas
[2026-05-23T01:00:42.142Z] GET /test/mockdb-listar
[2026-05-23T01:01:37.550Z] GET /parcerias-escolas
[2026-05-23T01:01:38.536Z] GET /parcerias-escolas
[2026-05-23T01:01:39.225Z] GET /api/parcerias/mensagens/todas
[2026-05-23T01:01:42.005Z] GET /api/parcerias/mensagens/todas
[2026-05-23T01:01:44.456Z] GET /dashboard-admin
[2026-05-23T01:01:46.252Z] GET /dashboard-admin
[2026-05-23T01:01:49.071Z] GET /parcerias-escolas
[2026-05-23T01:02:38.553Z] POST /parcerias-escolas
[2026-05-23T01:02:44.685Z] GET /api/parcerias/mensagens/todas
[2026-05-23T01:02:47.663Z] GET /api/parcerias/mensagens/todas
[2026-05-23T01:02:50.679Z] GET /api/parcerias/mensagens/todas
[2026-05-23T01:02:53.454Z] POST /api/parcerias/1/mensagens
[2026-05-23T01:02:53.665Z] GET /api/parcerias/mensagens/todas
[2026-05-23T01:02:53.995Z] GET /api/parcerias/mensagens/todas
[2026-05-23T01:02:56.678Z] GET /api/parcerias/mensagens/todas
[2026-05-23T01:03:00.229Z] GET /api/parcerias/mensagens/todas
[2026-05-23T01:03:00.286Z] GET /dashboard-admin
[2026-05-23T01:03:03.233Z] GET /api/parcerias/mensagens/todas
[2026-05-23T01:03:06.230Z] GET /api/parcerias/mensagens/todas
[2026-05-23T01:03:09.226Z] GET /api/parcerias/mensagens/todas
[2026-05-23T01:03:11.977Z] GET /api/parcerias/mensagens/todas
[2026-05-23T01:03:12.229Z] GET /api/parcerias/mensagens/todas
[2026-05-23T01:03:15.058Z] GET /api/parcerias/mensagens/todas
[2026-05-23T01:03:15.226Z] GET /api/parcerias/mensagens/todas
[2026-05-23T01:03:18.041Z] GET /api/parcerias/mensagens/todas
[2026-05-23T01:03:18.227Z] GET /api/parcerias/mensagens/todas
[2026-05-23T01:03:21.044Z] GET /api/parcerias/mensagens/todas
[2026-05-23T01:03:21.233Z] GET /api/parcerias/mensagens/todas
[2026-05-23T01:03:21.739Z] POST /api/parcerias/1/mensagens
[2026-05-23T01:03:21.755Z] GET /api/parcerias/mensagens/todas
[2026-05-23T01:03:24.042Z] GET /api/parcerias/mensagens/todas
[2026-05-23T01:03:24.224Z] GET /api/parcerias/mensagens/todas
[2026-05-23T01:03:27.042Z] GET /api/parcerias/mensagens/todas
[2026-05-23T01:03:27.226Z] GET /api/parcerias/mensagens/todas
[2026-05-23T01:03:30.262Z] GET /api/parcerias/mensagens/todas
[2026-05-23T01:03:30.321Z] GET /api/parcerias/mensagens/todas
[2026-05-23T01:03:32.925Z] GET /api/parcerias/mensagens/todas
[2026-05-23T01:03:33.229Z] GET /api/parcerias/mensagens/todas
[2026-05-23T01:03:35.671Z] GET /api/parcerias/mensagens/todas
[2026-05-23T01:03:36.242Z] GET /api/parcerias/mensagens/todas
[2026-05-23T01:03:38.671Z] GET /api/parcerias/mensagens/todas
[2026-05-23T01:03:39.236Z] GET /api/parcerias/mensagens/todas
[2026-05-23T01:03:41.669Z] GET /api/parcerias/mensagens/todas
[2026-05-23T01:03:42.226Z] GET /api/parcerias/mensagens/todas
[2026-05-23T01:03:44.670Z] GET /api/parcerias/mensagens/todas
[2026-05-23T01:03:45.231Z] GET /api/parcerias/mensagens/todas
[2026-05-23T01:03:47.664Z] GET /api/parcerias/mensagens/todas
[2026-05-23T01:03:48.234Z] GET /api/parcerias/mensagens/todas
[2026-05-23T01:03:50.665Z] GET /api/parcerias/mensagens/todas
[2026-05-23T01:03:51.239Z] GET /api/parcerias/mensagens/todas
[2026-05-23T01:03:53.662Z] GET /api/parcerias/mensagens/todas
[2026-05-23T01:03:54.226Z] GET /api/parcerias/mensagens/todas
[2026-05-23T01:03:56.661Z] GET /api/parcerias/mensagens/todas
[2026-05-23T01:03:57.228Z] GET /api/parcerias/mensagens/todas
[2026-05-23T01:03:59.665Z] GET /api/parcerias/mensagens/todas
[2026-05-23T01:04:00.229Z] GET /api/parcerias/mensagens/todas
[2026-05-23T01:04:02.668Z] GET /api/parcerias/mensagens/todas
[2026-05-23T01:04:03.228Z] GET /api/parcerias/mensagens/todas
[2026-05-23T01:04:05.659Z] GET /api/parcerias/mensagens/todas
[2026-05-23T01:04:06.237Z] GET /api/parcerias/mensagens/todas
[2026-05-23T01:04:08.660Z] GET /api/parcerias/mensagens/todas
[2026-05-23T01:04:09.226Z] GET /api/parcerias/mensagens/todas
[2026-05-23T01:04:11.667Z] GET /api/parcerias/mensagens/todas
[2026-05-23T01:04:12.228Z] GET /api/parcerias/mensagens/todas
[2026-05-23T01:04:14.658Z] GET /api/parcerias/mensagens/todas
[2026-05-23T01:04:15.225Z] GET /api/parcerias/mensagens/todas
[2026-05-23T01:04:17.658Z] GET /api/parcerias/mensagens/todas
[2026-05-23T01:04:18.223Z] GET /api/parcerias/mensagens/todas
[2026-05-23T01:04:20.661Z] GET /api/parcerias/mensagens/todas
[2026-05-23T01:04:21.236Z] GET /api/parcerias/mensagens/todas
[2026-05-23T01:04:23.657Z] GET /api/parcerias/mensagens/todas
[2026-05-23T01:04:24.222Z] GET /api/parcerias/mensagens/todas
[2026-05-23T01:04:26.658Z] GET /api/parcerias/mensagens/todas
[2026-05-23T01:04:27.223Z] GET /api/parcerias/mensagens/todas
[2026-05-23T01:04:29.674Z] GET /api/parcerias/mensagens/todas
[2026-05-23T01:04:30.226Z] GET /api/parcerias/mensagens/todas
[2026-05-23T01:04:32.657Z] GET /api/parcerias/mensagens/todas
[2026-05-23T01:04:35.659Z] GET /api/parcerias/mensagens/todas
[2026-05-23T01:04:38.661Z] GET /api/parcerias/mensagens/todas
[2026-05-23T01:04:39.220Z] GET /api/parcerias/mensagens/todas
[2026-05-23T01:04:41.671Z] GET /api/parcerias/mensagens/todas
[2026-05-23T01:04:44.670Z] GET /api/parcerias/mensagens/todas
[2026-05-23T01:04:47.669Z] GET /api/parcerias/mensagens/todas
[2026-05-23T01:04:50.672Z] GET /api/parcerias/mensagens/todas
[2026-05-23T01:04:53.524Z] POST /api/parcerias/1/mensagens
[2026-05-23T01:04:53.669Z] GET /api/parcerias/mensagens/todas
[2026-05-23T01:04:54.061Z] GET /api/parcerias/mensagens/todas
[2026-05-23T01:04:55.893Z] GET /api/parcerias/mensagens/todas
[2026-05-23T01:04:57.037Z] GET /api/parcerias/mensagens/todas
[2026-05-23T01:04:57.220Z] GET /api/parcerias/mensagens/todas
[2026-05-23T01:05:00.050Z] GET /api/parcerias/mensagens/todas
[2026-05-23T01:05:00.239Z] GET /api/parcerias/mensagens/todas
[2026-05-23T01:05:03.059Z] GET /api/parcerias/mensagens/todas
[2026-05-23T01:05:03.219Z] GET /api/parcerias/mensagens/todas
[2026-05-23T01:05:05.684Z] POST /api/parcerias/1/mensagens
[2026-05-23T01:05:05.707Z] GET /api/parcerias/mensagens/todas
[2026-05-23T01:05:06.036Z] GET /api/parcerias/mensagens/todas
[2026-05-23T01:05:06.243Z] GET /api/parcerias/mensagens/todas
[2026-05-23T01:05:09.053Z] GET /api/parcerias/mensagens/todas
[2026-05-23T01:05:09.233Z] GET /api/parcerias/mensagens/todas
[2026-05-23T01:05:11.884Z] GET /api/parcerias/mensagens/todas
[2026-05-23T01:05:12.554Z] GET /api/parcerias/mensagens/todas
[2026-05-23T01:05:14.674Z] GET /api/parcerias/mensagens/todas
[2026-05-23T01:05:15.230Z] GET /api/parcerias/mensagens/todas
[2026-05-23T01:05:17.672Z] GET /api/parcerias/mensagens/todas
[2026-05-23T01:05:18.234Z] GET /api/parcerias/mensagens/todas
[2026-05-23T01:05:20.672Z] GET /api/parcerias/mensagens/todas
[2026-05-23T01:05:21.236Z] GET /api/parcerias/mensagens/todas
[2026-05-23T01:05:23.665Z] GET /api/parcerias/mensagens/todas
[2026-05-23T01:05:24.230Z] GET /api/parcerias/mensagens/todas
[2026-05-23T01:05:26.664Z] GET /api/parcerias/mensagens/todas
[2026-05-23T01:05:27.229Z] GET /api/parcerias/mensagens/todas
[2026-05-23T01:05:29.671Z] GET /api/parcerias/mensagens/todas
[2026-05-23T01:05:30.229Z] GET /api/parcerias/mensagens/todas
[2026-05-23T01:05:32.667Z] GET /api/parcerias/mensagens/todas
[2026-05-23T01:05:33.248Z] GET /api/parcerias/mensagens/todas
[2026-05-23T01:05:35.666Z] GET /api/parcerias/mensagens/todas
[2026-05-23T01:05:36.227Z] GET /api/parcerias/mensagens/todas
[2026-05-23T01:05:38.659Z] GET /api/parcerias/mensagens/todas
[2026-05-23T01:05:39.228Z] GET /api/parcerias/mensagens/todas
[2026-05-23T01:05:41.658Z] GET /api/parcerias/mensagens/todas
[2026-05-23T01:05:42.227Z] GET /api/parcerias/mensagens/todas
[2026-05-23T01:05:44.658Z] GET /api/parcerias/mensagens/todas
[2026-05-23T01:05:45.225Z] GET /api/parcerias/mensagens/todas
[2026-05-23T01:05:47.655Z] GET /api/parcerias/mensagens/todas
[2026-05-23T01:05:48.224Z] GET /api/parcerias/mensagens/todas
[2026-05-23T01:05:50.656Z] GET /api/parcerias/mensagens/todas
[2026-05-23T01:05:51.224Z] GET /api/parcerias/mensagens/todas
[2026-05-23T01:05:53.660Z] GET /api/parcerias/mensagens/todas
[2026-05-23T01:05:54.225Z] GET /api/parcerias/mensagens/todas
[2026-05-23T01:05:56.680Z] GET /api/parcerias/mensagens/todas
[2026-05-23T01:05:57.224Z] GET /api/parcerias/mensagens/todas
[2026-05-23T01:05:59.682Z] GET /api/parcerias/mensagens/todas
[2026-05-23T01:06:00.229Z] GET /api/parcerias/mensagens/todas
[2026-05-23T01:06:02.658Z] GET /api/parcerias/mensagens/todas
[2026-05-23T01:06:03.221Z] GET /api/parcerias/mensagens/todas
[2026-05-23T01:06:05.671Z] GET /api/parcerias/mensagens/todas
[2026-05-23T01:06:06.224Z] GET /api/parcerias/mensagens/todas
[2026-05-23T01:06:08.675Z] GET /api/parcerias/mensagens/todas
[2026-05-23T01:06:09.323Z] GET /api/parcerias/mensagens/todas
[2026-05-23T01:06:11.671Z] GET /api/parcerias/mensagens/todas
[2026-05-23T01:06:14.672Z] GET /api/parcerias/mensagens/todas
[2026-05-23T01:06:17.668Z] GET /api/parcerias/mensagens/todas
[2026-05-23T01:06:20.665Z] GET /api/parcerias/mensagens/todas
[2026-05-23T01:06:23.667Z] GET /api/parcerias/mensagens/todas
[2026-05-23T01:06:26.670Z] GET /api/parcerias/mensagens/todas
[2026-05-23T01:06:29.670Z] GET /api/parcerias/mensagens/todas
[2026-05-23T01:06:32.674Z] GET /api/parcerias/mensagens/todas
[2026-05-23T01:06:35.664Z] GET /api/parcerias/mensagens/todas
[2026-05-23T01:06:38.665Z] GET /api/parcerias/mensagens/todas
[2026-05-23T01:06:39.230Z] GET /api/parcerias/mensagens/todas
[2026-05-23T01:06:41.661Z] GET /api/parcerias/mensagens/todas
[2026-05-23T01:06:44.662Z] GET /api/parcerias/mensagens/todas
[2026-05-23T01:06:47.661Z] GET /api/parcerias/mensagens/todas
[2026-05-23T01:06:50.662Z] GET /api/parcerias/mensagens/todas
[2026-05-23T01:06:53.661Z] GET /api/parcerias/mensagens/todas
[2026-05-23T01:06:56.660Z] GET /api/parcerias/mensagens/todas
[2026-05-23T01:06:59.659Z] GET /api/parcerias/mensagens/todas
[2026-05-23T01:07:02.658Z] GET /api/parcerias/mensagens/todas
[2026-05-23T01:07:05.675Z] GET /api/parcerias/mensagens/todas
[2026-05-23T01:07:08.656Z] GET /api/parcerias/mensagens/todas
[2026-05-23T01:07:11.655Z] GET /api/parcerias/mensagens/todas
[2026-05-23T01:07:14.655Z] GET /api/parcerias/mensagens/todas
[2026-05-23T01:07:17.656Z] GET /api/parcerias/mensagens/todas
[2026-05-23T01:07:20.671Z] GET /api/parcerias/mensagens/todas
[2026-05-23T01:07:23.655Z] GET /api/parcerias/mensagens/todas
[2026-05-23T01:07:26.658Z] GET /api/parcerias/mensagens/todas
[2026-05-23T01:07:29.671Z] GET /api/parcerias/mensagens/todas
[2026-05-23T01:07:32.670Z] GET /api/parcerias/mensagens/todas
[2026-05-23T01:07:35.658Z] GET /api/parcerias/mensagens/todas
[2026-05-23T01:07:38.668Z] GET /api/parcerias/mensagens/todas
[2026-05-23T01:07:39.231Z] GET /api/parcerias/mensagens/todas
[2026-05-23T01:07:41.666Z] GET /api/parcerias/mensagens/todas
[2026-05-23T01:07:44.666Z] GET /api/parcerias/mensagens/todas
[2026-05-23T01:07:47.665Z] GET /api/parcerias/mensagens/todas
[2026-05-23T01:07:50.666Z] GET /api/parcerias/mensagens/todas
[2026-05-23T01:07:53.666Z] GET /api/parcerias/mensagens/todas
[2026-05-23T01:07:56.665Z] GET /api/parcerias/mensagens/todas
[2026-05-23T01:07:59.665Z] GET /api/parcerias/mensagens/todas
[2026-05-23T01:08:02.664Z] GET /api/parcerias/mensagens/todas
[2026-05-23T01:08:05.664Z] GET /api/parcerias/mensagens/todas
[2026-05-23T01:08:08.662Z] GET /api/parcerias/mensagens/todas
[2026-05-23T01:08:11.693Z] GET /api/parcerias/mensagens/todas
[2026-05-23T01:08:14.665Z] GET /api/parcerias/mensagens/todas
[2026-05-23T01:08:17.663Z] GET /api/parcerias/mensagens/todas
[2026-05-23T01:08:20.664Z] GET /api/parcerias/mensagens/todas
[2026-05-23T01:08:23.659Z] GET /api/parcerias/mensagens/todas
[2026-05-23T01:08:26.659Z] GET /api/parcerias/mensagens/todas
[2026-05-23T01:08:29.658Z] GET /api/parcerias/mensagens/todas
[2026-05-23T01:08:32.658Z] GET /api/parcerias/mensagens/todas
[2026-05-23T01:08:35.658Z] GET /api/parcerias/mensagens/todas
[2026-05-23T01:08:38.674Z] GET /api/parcerias/mensagens/todas
[2026-05-23T01:08:39.226Z] GET /api/parcerias/mensagens/todas
[2026-05-23T01:08:41.675Z] GET /api/parcerias/mensagens/todas
[2026-05-23T01:08:44.656Z] GET /api/parcerias/mensagens/todas
[2026-05-23T01:08:47.676Z] GET /api/parcerias/mensagens/todas
[2026-05-23T01:08:50.674Z] GET /api/parcerias/mensagens/todas
[2026-05-23T01:08:53.668Z] GET /api/parcerias/mensagens/todas
[2026-05-23T01:08:56.668Z] GET /api/parcerias/mensagens/todas
[2026-05-23T01:08:59.666Z] GET /api/parcerias/mensagens/todas
[2026-05-23T01:09:02.665Z] GET /api/parcerias/mensagens/todas
[2026-05-23T01:09:03.475Z] GET /api/parcerias/mensagens/todas
[2026-05-23T01:09:06.032Z] GET /api/parcerias/mensagens/todas
[2026-05-23T01:09:06.219Z] GET /api/parcerias/mensagens/todas
[2026-05-23T01:09:09.038Z] GET /api/parcerias/mensagens/todas
[2026-05-23T01:09:09.217Z] GET /api/parcerias/mensagens/todas
[2026-05-23T01:09:12.035Z] GET /api/parcerias/mensagens/todas
[2026-05-23T01:09:12.215Z] GET /api/parcerias/mensagens/todas
[2026-05-23T01:09:15.048Z] GET /api/parcerias/mensagens/todas
[2026-05-23T01:09:15.216Z] GET /api/parcerias/mensagens/todas
[2026-05-23T01:09:18.048Z] GET /api/parcerias/mensagens/todas
[2026-05-23T01:09:18.259Z] GET /api/parcerias/mensagens/todas
[2026-05-23T01:09:21.218Z] GET /api/parcerias/mensagens/todas
[2026-05-23T01:09:21.234Z] GET /api/parcerias/mensagens/todas
[2026-05-23T01:09:24.228Z] GET /api/parcerias/mensagens/todas
[2026-05-23T01:09:24.236Z] GET /api/parcerias/mensagens/todas
[2026-05-23T01:09:27.232Z] GET /api/parcerias/mensagens/todas
[2026-05-23T01:09:27.247Z] GET /api/parcerias/mensagens/todas
[2026-05-23T01:09:30.232Z] GET /api/parcerias/mensagens/todas
[2026-05-23T01:09:30.246Z] GET /api/parcerias/mensagens/todas
[2026-05-23T01:09:33.226Z] GET /api/parcerias/mensagens/todas
[2026-05-23T01:09:33.240Z] GET /api/parcerias/mensagens/todas
[2026-05-23T01:09:36.228Z] GET /api/parcerias/mensagens/todas
[2026-05-23T01:09:36.238Z] GET /api/parcerias/mensagens/todas
[2026-05-23T01:09:39.230Z] GET /api/parcerias/mensagens/todas
[2026-05-23T01:09:39.241Z] GET /api/parcerias/mensagens/todas
[2026-05-23T01:09:42.223Z] GET /api/parcerias/mensagens/todas
[2026-05-23T01:09:42.233Z] GET /api/parcerias/mensagens/todas
[2026-05-23T01:09:45.226Z] GET /api/parcerias/mensagens/todas
[2026-05-23T01:09:45.239Z] GET /api/parcerias/mensagens/todas
[2026-05-23T01:09:48.226Z] GET /api/parcerias/mensagens/todas
[2026-05-23T01:09:49.032Z] GET /api/parcerias/mensagens/todas
[2026-05-23T01:09:51.228Z] GET /api/parcerias/mensagens/todas
[2026-05-23T01:09:51.241Z] GET /api/parcerias/mensagens/todas
[2026-05-23T01:09:54.355Z] GET /api/parcerias/mensagens/todas
[2026-05-23T01:09:54.443Z] GET /api/parcerias/mensagens/todas
[2026-05-23T01:09:57.223Z] GET /api/parcerias/mensagens/todas
[2026-05-23T01:09:57.232Z] GET /api/parcerias/mensagens/todas
[2026-05-23T01:10:00.224Z] GET /api/parcerias/mensagens/todas
[2026-05-23T01:10:00.232Z] GET /api/parcerias/mensagens/todas
[2026-05-23T01:10:03.228Z] GET /api/parcerias/mensagens/todas
[2026-05-23T01:10:03.254Z] GET /api/parcerias/mensagens/todas
[2026-05-23T01:10:06.221Z] GET /api/parcerias/mensagens/todas
[2026-05-23T01:10:09.220Z] GET /api/parcerias/mensagens/todas
[2026-05-23T01:10:12.233Z] GET /api/parcerias/mensagens/todas
[2026-05-23T01:10:15.223Z] GET /api/parcerias/mensagens/todas
[2026-05-23T01:10:18.224Z] GET /api/parcerias/mensagens/todas
[2026-05-23T01:10:39.231Z] GET /api/parcerias/mensagens/todas
[2026-05-23T01:10:39.238Z] GET /api/parcerias/mensagens/todas
[2026-05-23T01:11:39.222Z] GET /api/parcerias/mensagens/todas
[2026-05-23T01:11:39.238Z] GET /api/parcerias/mensagens/todas
[2026-05-23T01:12:39.250Z] GET /api/parcerias/mensagens/todas
[2026-05-23T01:12:39.270Z] GET /api/parcerias/mensagens/todas
[2026-05-23T01:13:36.163Z] GET /dashboard-admin
[2026-05-23T01:13:39.245Z] GET /api/parcerias/mensagens/todas
[2026-05-23T01:13:39.263Z] GET /api/parcerias/mensagens/todas
[2026-05-23T01:13:39.405Z] GET /favicon.ico
[2026-05-23T01:13:53.969Z] GET /parcerias-escolas
[2026-05-23T01:14:39.223Z] GET /api/parcerias/mensagens/todas
[2026-05-23T01:14:39.243Z] GET /api/parcerias/mensagens/todas
[2026-05-23T01:15:39.225Z] GET /api/parcerias/mensagens/todas
[2026-05-23T01:15:39.235Z] GET /api/parcerias/mensagens/todas
[2026-05-23T01:15:52.651Z] GET /api/parcerias/mensagens/todas
[2026-05-23T01:15:54.041Z] GET /api/parcerias/mensagens/todas
[2026-05-23T01:15:57.024Z] GET /dashboard-admin
[2026-05-23T01:16:00.856Z] GET /api/parcerias/mensagens/todas
[2026-05-23T01:16:02.664Z] GET /api/parcerias/mensagens/todas
[2026-05-23T01:16:04.118Z] GET /parcerias-escolas
[2026-05-23T01:16:46.431Z] POST /parcerias-escolas
[2026-05-23T01:16:52.300Z] GET /api/parcerias/mensagens/todas
[2026-05-23T01:16:55.308Z] GET /api/parcerias/mensagens/todas
[2026-05-23T01:16:56.617Z] POST /api/parcerias/1/mensagens
[2026-05-23T01:16:57.165Z] GET /api/parcerias/mensagens/todas
[2026-05-23T01:16:58.304Z] GET /api/parcerias/mensagens/todas
[2026-05-23T01:17:01.149Z] GET /dashboard-admin
[2026-05-23T01:17:02.221Z] GET /api/parcerias/mensagens/todas
[2026-05-23T01:17:05.223Z] GET /api/parcerias/mensagens/todas
[2026-05-23T01:17:08.219Z] GET /api/parcerias/mensagens/todas
[2026-05-23T01:17:10.924Z] GET /api/parcerias/mensagens/todas
[2026-05-23T01:17:11.220Z] GET /api/parcerias/mensagens/todas
[2026-05-23T01:17:13.949Z] GET /api/parcerias/mensagens/todas
[2026-05-23T01:17:14.223Z] GET /api/parcerias/mensagens/todas
[2026-05-23T01:17:16.949Z] GET /api/parcerias/mensagens/todas
[2026-05-23T01:17:17.191Z] POST /api/parcerias/1/mensagens
[2026-05-23T01:17:17.208Z] GET /api/parcerias/mensagens/todas
[2026-05-23T01:17:17.265Z] GET /api/parcerias/mensagens/todas
[2026-05-23T01:17:19.946Z] GET /api/parcerias/mensagens/todas
[2026-05-23T01:17:20.226Z] GET /api/parcerias/mensagens/todas
[2026-05-23T01:17:22.950Z] GET /api/parcerias/mensagens/todas
[2026-05-23T01:17:23.218Z] GET /api/parcerias/mensagens/todas
[2026-05-23T01:17:25.964Z] GET /api/parcerias/mensagens/todas
[2026-05-23T01:17:26.505Z] GET /api/parcerias/mensagens/todas
[2026-05-23T01:17:29.227Z] GET /api/parcerias/mensagens/todas
[2026-05-23T01:17:31.314Z] GET /api/parcerias/mensagens/todas
[2026-05-23T01:17:34.317Z] GET /api/parcerias/mensagens/todas
[2026-05-23T01:17:37.310Z] GET /api/parcerias/mensagens/todas
[2026-05-23T01:17:50.218Z] GET /parcerias-escolas
[2026-05-23T01:17:52.149Z] GET /dashboard-admin
[2026-05-23T01:19:02.879Z] POST /parcerias-escolas
[2026-05-23T01:19:21.589Z] GET /dashboard-admin
[2026-05-23T01:19:32.650Z] GET /api/parcerias/mensagens/todas
[2026-05-23T01:19:35.751Z] GET /api/parcerias/mensagens/todas
[2026-05-23T01:19:38.753Z] GET /api/parcerias/mensagens/todas
[2026-05-23T01:19:41.755Z] GET /api/parcerias/mensagens/todas
[2026-05-23T01:19:44.750Z] GET /api/parcerias/mensagens/todas
[2026-05-23T01:19:47.749Z] GET /api/parcerias/mensagens/todas
[2026-05-23T01:19:50.744Z] GET /api/parcerias/mensagens/todas
[2026-05-23T01:19:53.747Z] GET /api/parcerias/mensagens/todas
[2026-05-23T01:19:56.746Z] GET /api/parcerias/mensagens/todas
[2026-05-23T01:19:59.746Z] GET /api/parcerias/mensagens/todas
[2026-05-23T01:20:02.745Z] GET /api/parcerias/mensagens/todas
[2026-05-23T01:20:05.746Z] GET /api/parcerias/mensagens/todas
[2026-05-23T01:20:08.741Z] GET /api/parcerias/mensagens/todas
[2026-05-23T01:20:11.746Z] GET /api/parcerias/mensagens/todas
[2026-05-23T01:20:14.747Z] GET /api/parcerias/mensagens/todas
[2026-05-23T01:20:17.755Z] GET /api/parcerias/mensagens/todas
[2026-05-23T01:20:20.739Z] GET /api/parcerias/mensagens/todas
[2026-05-23T01:20:23.743Z] GET /api/parcerias/mensagens/todas
[2026-05-23T01:20:26.740Z] GET /api/parcerias/mensagens/todas
[2026-05-23T01:20:29.761Z] GET /api/parcerias/mensagens/todas
[2026-05-23T01:20:32.755Z] GET /api/parcerias/mensagens/todas
[2026-05-23T01:20:35.764Z] GET /api/parcerias/mensagens/todas
[2026-05-23T01:20:38.752Z] GET /api/parcerias/mensagens/todas
[2026-05-23T01:20:41.754Z] GET /api/parcerias/mensagens/todas
[2026-05-23T01:20:44.757Z] GET /api/parcerias/mensagens/todas
[2026-05-23T01:20:47.753Z] GET /api/parcerias/mensagens/todas
[2026-05-23T01:20:50.740Z] GET /api/parcerias/mensagens/todas
[2026-05-23T01:20:53.757Z] GET /api/parcerias/mensagens/todas
[2026-05-23T01:20:56.751Z] GET /api/parcerias/mensagens/todas
[2026-05-23T01:20:59.762Z] GET /api/parcerias/mensagens/todas
[2026-05-23T01:21:02.750Z] GET /api/parcerias/mensagens/todas
[2026-05-23T01:21:03.516Z] GET /api/parcerias/mensagens/todas
[2026-05-23T01:21:05.744Z] GET /api/parcerias/mensagens/todas
[2026-05-23T01:21:08.571Z] GET /api/parcerias/mensagens/todas
[2026-05-23T01:21:08.734Z] GET /api/parcerias/mensagens/todas
[2026-05-23T01:21:11.734Z] GET /api/parcerias/mensagens/todas
[2026-05-23T01:21:14.736Z] GET /api/parcerias/mensagens/todas
[2026-05-23T01:21:17.741Z] GET /api/parcerias/mensagens/todas
[2026-05-23T01:21:20.729Z] GET /api/parcerias/mensagens/todas
[2026-05-23T01:21:23.739Z] GET /api/parcerias/mensagens/todas
[2026-05-23T01:21:26.731Z] GET /api/parcerias/mensagens/todas
[2026-05-23T01:21:29.735Z] GET /api/parcerias/mensagens/todas
[2026-05-23T01:21:32.743Z] GET /api/parcerias/mensagens/todas
[2026-05-23T01:21:35.731Z] GET /api/parcerias/mensagens/todas
[2026-05-23T01:21:38.741Z] GET /api/parcerias/mensagens/todas
[2026-05-23T01:21:41.730Z] GET /api/parcerias/mensagens/todas
[2026-05-23T01:21:44.725Z] GET /api/parcerias/mensagens/todas
[2026-05-23T01:21:47.729Z] GET /api/parcerias/mensagens/todas
[2026-05-23T01:21:50.740Z] GET /api/parcerias/mensagens/todas
[2026-05-23T01:21:53.742Z] GET /api/parcerias/mensagens/todas
[2026-05-23T01:21:56.746Z] GET /api/parcerias/mensagens/todas
[2026-05-23T01:21:59.740Z] GET /api/parcerias/mensagens/todas
[2026-05-23T01:22:05.534Z] GET /api/parcerias/mensagens/todas
[2026-05-23T01:22:06.023Z] GET /api/parcerias/mensagens/todas
[2026-05-23T01:22:08.743Z] GET /api/parcerias/mensagens/todas
[2026-05-23T01:22:11.736Z] GET /api/parcerias/mensagens/todas
[2026-05-23T01:22:14.734Z] GET /api/parcerias/mensagens/todas
[2026-05-23T01:22:17.748Z] GET /api/parcerias/mensagens/todas
[2026-05-23T01:22:20.733Z] GET /api/parcerias/mensagens/todas
[2026-05-23T01:22:23.746Z] GET /api/parcerias/mensagens/todas
[2026-05-23T01:22:26.744Z] GET /api/parcerias/mensagens/todas
[2026-05-23T01:22:29.559Z] GET /dashboard-admin
[2026-05-23T01:22:30.407Z] GET /api/parcerias/mensagens/todas
[2026-05-23T01:22:41.016Z] GET /dashboard-admin
[2026-05-23T01:22:46.371Z] GET /parcerias-escolas
[2026-05-23T01:23:00.034Z] POST /parcerias-escolas
[2026-05-23T01:23:04.953Z] GET /dashboard-admin
[2026-05-23T01:24:02.023Z] GET /api/parcerias/mensagens/todas
[2026-05-23T01:24:05.110Z] GET /api/parcerias/mensagens/todas
[2026-05-23T01:24:08.108Z] GET /api/parcerias/mensagens/todas
[2026-05-23T01:24:11.107Z] GET /api/parcerias/mensagens/todas
[2026-05-23T01:24:14.104Z] GET /api/parcerias/mensagens/todas
[2026-05-23T01:24:17.111Z] GET /api/parcerias/mensagens/todas
[2026-05-23T01:24:20.115Z] GET /api/parcerias/mensagens/todas
[2026-05-23T01:24:23.104Z] GET /api/parcerias/mensagens/todas
[2026-05-23T01:24:26.109Z] GET /api/parcerias/mensagens/todas
[2026-05-23T01:24:29.119Z] GET /api/parcerias/mensagens/todas
[2026-05-23T01:24:32.121Z] GET /api/parcerias/mensagens/todas
[2026-05-23T01:24:33.543Z] POST /api/parcerias/1/mensagens
[2026-05-23T01:24:33.808Z] GET /api/parcerias/mensagens/todas
[2026-05-23T01:24:34.031Z] GET /img/logo.png
[2026-05-23T01:24:35.138Z] GET /api/parcerias/mensagens/todas
[2026-05-23T01:24:38.117Z] GET /api/parcerias/mensagens/todas
[2026-05-23T01:24:41.117Z] GET /api/parcerias/mensagens/todas
[2026-05-23T01:24:44.119Z] GET /api/parcerias/mensagens/todas
[2026-05-23T01:24:47.104Z] GET /api/parcerias/mensagens/todas
[2026-05-23T01:24:53.272Z] GET /parcerias-escolas
[2026-05-23T01:25:10.196Z] GET /api/parcerias/mensagens/todas
[2026-05-23T01:25:21.481Z] GET /api/parcerias/mensagens/todas
[2026-05-23T01:25:55.611Z] GET /api/parcerias/mensagens/todas
[2026-05-23T22:08:35.779Z] GET /
[2026-05-23T22:08:37.217Z] GET /favicon.ico
[2026-05-23T22:08:46.041Z] GET /parcerias-escolas
[2026-05-23T22:09:56.499Z] GET /
[2026-05-23T22:10:10.391Z] GET /dashboard-admin
[2026-05-23T22:10:57.139Z] POST /parcerias-escolas
[2026-05-23T22:11:06.967Z] GET /api/parcerias/mensagens/todas
[2026-05-23T22:11:09.965Z] GET /api/parcerias/mensagens/todas
[2026-05-23T22:11:12.965Z] GET /api/parcerias/mensagens/todas
[2026-05-23T22:11:15.980Z] GET /api/parcerias/mensagens/todas
[2026-05-23T22:11:18.981Z] GET /api/parcerias/mensagens/todas
[2026-05-23T22:11:21.986Z] GET /api/parcerias/mensagens/todas
[2026-05-23T22:11:23.190Z] POST /api/parcerias/1/mensagens
[2026-05-23T22:11:23.713Z] GET /api/parcerias/mensagens/todas
[2026-05-23T22:11:24.980Z] GET /api/parcerias/mensagens/todas
[2026-05-23T22:11:27.985Z] GET /api/parcerias/mensagens/todas
[2026-05-23T22:11:31.953Z] GET /api/parcerias/mensagens/todas
[2026-05-23T22:11:34.187Z] GET /dashboard-admin
[2026-05-23T22:11:34.704Z] GET /api/parcerias/mensagens/todas
[2026-05-23T22:11:37.685Z] GET /api/parcerias/mensagens/todas
[2026-05-23T22:11:40.690Z] GET /api/parcerias/mensagens/todas
[2026-05-23T22:11:43.684Z] GET /api/parcerias/mensagens/todas
[2026-05-23T22:11:46.683Z] GET /api/parcerias/mensagens/todas
[2026-05-23T22:11:49.676Z] GET /api/parcerias/mensagens/todas
[2026-05-23T22:11:52.693Z] GET /api/parcerias/mensagens/todas
[2026-05-23T22:11:55.684Z] GET /api/parcerias/mensagens/todas
[2026-05-23T22:11:58.683Z] GET /api/parcerias/mensagens/todas
[2026-05-23T22:12:01.687Z] GET /api/parcerias/mensagens/todas
[2026-05-23T22:12:03.129Z] GET /api/parcerias/mensagens/todas
[2026-05-23T22:12:04.689Z] GET /api/parcerias/mensagens/todas
[2026-05-23T22:12:06.204Z] GET /api/parcerias/mensagens/todas
[2026-05-23T22:12:07.681Z] GET /api/parcerias/mensagens/todas
[2026-05-23T22:12:09.205Z] GET /api/parcerias/mensagens/todas
[2026-05-23T22:12:10.686Z] GET /api/parcerias/mensagens/todas
[2026-05-23T22:12:12.207Z] GET /api/parcerias/mensagens/todas
[2026-05-23T22:12:13.690Z] GET /api/parcerias/mensagens/todas
[2026-05-23T22:12:15.233Z] GET /api/parcerias/mensagens/todas
[2026-05-23T22:12:16.682Z] GET /api/parcerias/mensagens/todas
[2026-05-23T22:12:18.677Z] GET /api/parcerias/mensagens/todas
[2026-05-23T22:12:19.685Z] GET /api/parcerias/mensagens/todas
[2026-05-23T22:12:21.675Z] GET /api/parcerias/mensagens/todas
[2026-05-23T22:12:22.687Z] GET /api/parcerias/mensagens/todas
[2026-05-23T22:12:24.685Z] GET /api/parcerias/mensagens/todas
[2026-05-23T22:12:25.682Z] GET /api/parcerias/mensagens/todas
[2026-05-23T22:12:27.691Z] GET /api/parcerias/mensagens/todas
[2026-05-23T22:12:28.692Z] GET /api/parcerias/mensagens/todas
[2026-05-23T22:12:30.681Z] GET /api/parcerias/mensagens/todas
[2026-05-23T22:12:33.687Z] GET /api/parcerias/mensagens/todas
[2026-05-23T22:12:35.691Z] GET /api/parcerias/mensagens/todas
[2026-05-23T22:12:36.681Z] GET /api/parcerias/mensagens/todas
[2026-05-23T22:12:39.683Z] GET /api/parcerias/mensagens/todas
[2026-05-23T22:12:42.688Z] GET /api/parcerias/mensagens/todas
[2026-05-23T22:12:45.684Z] GET /api/parcerias/mensagens/todas
[2026-05-23T22:12:48.773Z] GET /api/parcerias/mensagens/todas
[2026-05-23T22:12:51.683Z] GET /api/parcerias/mensagens/todas
[2026-05-23T22:12:54.684Z] GET /api/parcerias/mensagens/todas
[2026-05-23T22:12:57.892Z] GET /api/parcerias/mensagens/todas
[2026-05-23T22:13:00.719Z] GET /api/parcerias/mensagens/todas
[2026-05-23T22:13:03.922Z] GET /api/parcerias/mensagens/todas
[2026-05-23T22:13:06.679Z] GET /api/parcerias/mensagens/todas
[2026-05-23T22:13:09.679Z] GET /api/parcerias/mensagens/todas
[2026-05-23T22:13:12.677Z] GET /api/parcerias/mensagens/todas
[2026-05-23T22:13:35.688Z] GET /api/parcerias/mensagens/todas
[2026-05-23T22:13:35.699Z] GET /api/parcerias/mensagens/todas
[2026-05-23T22:14:35.704Z] GET /api/parcerias/mensagens/todas
[2026-05-23T22:14:35.892Z] GET /api/parcerias/mensagens/todas
[2026-05-23T22:14:53.267Z] GET /dashboard-admin
[2026-05-23T22:14:55.918Z] GET /favicon.ico
[2026-05-23T22:15:05.987Z] GET /parcerias-escolas
[2026-05-23T22:15:35.755Z] GET /api/parcerias/mensagens/todas
[2026-05-23T22:15:35.825Z] GET /api/parcerias/mensagens/todas
[2026-05-23T22:16:09.607Z] POST /parcerias-escolas
[2026-05-23T22:16:12.402Z] GET /dashboard-admin
[2026-05-23T22:16:19.955Z] GET /api/parcerias/mensagens/todas
[2026-05-23T22:16:23.056Z] GET /api/parcerias/mensagens/todas
[2026-05-23T22:16:26.060Z] GET /api/parcerias/mensagens/todas
[2026-05-23T22:16:29.066Z] GET /api/parcerias/mensagens/todas
[2026-05-23T22:16:32.056Z] GET /api/parcerias/mensagens/todas
[2026-05-23T22:16:35.051Z] GET /api/parcerias/mensagens/todas
[2026-05-23T22:16:35.694Z] GET /api/parcerias/mensagens/todas
[2026-05-23T22:16:35.721Z] GET /api/parcerias/mensagens/todas
[2026-05-23T22:16:38.061Z] GET /api/parcerias/mensagens/todas
[2026-05-23T22:16:41.051Z] GET /api/parcerias/mensagens/todas
[2026-05-23T22:16:44.122Z] GET /api/parcerias/mensagens/todas
[2026-05-23T22:16:47.050Z] GET /api/parcerias/mensagens/todas
[2026-05-23T22:16:50.052Z] GET /api/parcerias/mensagens/todas
[2026-05-23T22:17:06.631Z] GET /img/logo.png
[2026-05-23T22:17:08.064Z] GET /api/parcerias/mensagens/todas
[2026-05-23T22:17:11.064Z] GET /api/parcerias/mensagens/todas
[2026-05-23T22:17:14.067Z] GET /api/parcerias/mensagens/todas
[2026-05-23T22:17:17.066Z] GET /api/parcerias/mensagens/todas
[2026-05-23T22:17:18.922Z] GET /dashboard-admin
[2026-05-23T22:17:30.878Z] GET /dashboard-admin
[2026-05-23T22:17:35.696Z] GET /api/parcerias/mensagens/todas
[2026-05-23T22:17:35.710Z] GET /api/parcerias/mensagens/todas
[2026-05-23T22:17:52.079Z] GET /parcerias-escolas
[2026-05-23T22:18:01.394Z] POST /parcerias-escolas
[2026-05-23T22:18:04.642Z] GET /dashboard-admin
[2026-05-23T22:18:11.617Z] GET /api/parcerias/mensagens/todas
[2026-05-23T22:18:14.686Z] GET /api/parcerias/mensagens/todas
[2026-05-23T22:18:17.668Z] GET /api/parcerias/mensagens/todas
[2026-05-23T22:18:20.669Z] GET /api/parcerias/mensagens/todas
[2026-05-23T22:18:23.672Z] GET /api/parcerias/mensagens/todas
[2026-05-23T22:18:26.689Z] GET /api/parcerias/mensagens/todas
[2026-05-23T22:18:27.086Z] GET /dashboard-admin
[2026-05-23T22:18:35.975Z] GET /api/parcerias/mensagens/todas
[2026-05-23T22:18:35.988Z] GET /api/parcerias/mensagens/todas
[2026-05-23T22:18:39.611Z] GET /api/parcerias/mensagens/todas
[2026-05-23T22:18:42.684Z] GET /api/parcerias/mensagens/todas
[2026-05-23T22:18:45.660Z] GET /api/parcerias/mensagens/todas
[2026-05-23T22:18:48.660Z] GET /api/parcerias/mensagens/todas
[2026-05-23T22:18:51.660Z] GET /api/parcerias/mensagens/todas
[2026-05-23T22:18:54.660Z] GET /api/parcerias/mensagens/todas
[2026-05-23T22:18:57.657Z] GET /api/parcerias/mensagens/todas
[2026-05-23T22:19:00.656Z] GET /api/parcerias/mensagens/todas
[2026-05-23T22:19:03.659Z] GET /api/parcerias/mensagens/todas
[2026-05-23T22:19:06.656Z] GET /api/parcerias/mensagens/todas
[2026-05-23T22:19:09.656Z] GET /api/parcerias/mensagens/todas
[2026-05-23T22:19:12.656Z] GET /api/parcerias/mensagens/todas
[2026-05-23T22:19:15.656Z] GET /api/parcerias/mensagens/todas
[2026-05-23T22:19:18.656Z] GET /api/parcerias/mensagens/todas
[2026-05-23T22:19:20.060Z] GET /dashboard-admin
[2026-05-23T22:19:35.711Z] GET /api/parcerias/mensagens/todas
[2026-05-23T22:19:35.733Z] GET /api/parcerias/mensagens/todas
[2026-05-23T22:19:48.062Z] GET /api/parcerias/mensagens/todas
[2026-05-23T22:19:51.136Z] GET /api/parcerias/mensagens/todas
[2026-05-23T22:19:54.147Z] GET /api/parcerias/mensagens/todas
[2026-05-23T22:19:57.145Z] GET /api/parcerias/mensagens/todas
[2026-05-23T22:20:00.132Z] GET /api/parcerias/mensagens/todas
[2026-05-23T22:20:03.153Z] GET /api/parcerias/mensagens/todas
[2026-05-23T22:20:06.140Z] GET /api/parcerias/mensagens/todas
[2026-05-23T22:20:09.144Z] GET /api/parcerias/mensagens/todas
[2026-05-23T22:20:12.147Z] GET /api/parcerias/mensagens/todas
[2026-05-23T22:20:15.133Z] GET /api/parcerias/mensagens/todas
[2026-05-23T22:20:16.705Z] GET /dashboard-admin
[2026-05-23T22:20:35.698Z] GET /api/parcerias/mensagens/todas
[2026-05-23T22:20:35.725Z] GET /api/parcerias/mensagens/todas
[2026-05-23T22:21:35.680Z] GET /api/parcerias/mensagens/todas
[2026-05-23T22:21:35.689Z] GET /api/parcerias/mensagens/todas
[2026-05-23T22:22:35.685Z] GET /api/parcerias/mensagens/todas
[2026-05-23T22:22:35.693Z] GET /api/parcerias/mensagens/todas
[2026-05-23T22:23:35.995Z] GET /api/parcerias/mensagens/todas
[2026-05-23T22:23:36.125Z] GET /api/parcerias/mensagens/todas
[2026-05-23T22:24:19.959Z] GET /api/parcerias/mensagens/todas
[2026-05-23T22:24:22.985Z] GET /api/parcerias/mensagens/todas
[2026-05-23T22:24:25.993Z] GET /api/parcerias/mensagens/todas
[2026-05-23T22:24:28.995Z] GET /api/parcerias/mensagens/todas
[2026-05-23T22:24:31.997Z] GET /api/parcerias/mensagens/todas
[2026-05-23T22:24:34.993Z] GET /api/parcerias/mensagens/todas
[2026-05-23T22:24:35.702Z] GET /api/parcerias/mensagens/todas
[2026-05-23T22:24:35.730Z] GET /api/parcerias/mensagens/todas
[2026-05-23T22:24:37.996Z] GET /api/parcerias/mensagens/todas
[2026-05-23T22:24:38.583Z] GET /dashboard-admin
[2026-05-23T22:24:49.937Z] GET /api/parcerias/mensagens/todas
[2026-05-23T22:24:52.979Z] GET /api/parcerias/mensagens/todas
[2026-05-23T22:24:55.975Z] GET /api/parcerias/mensagens/todas
[2026-05-23T22:24:58.970Z] GET /api/parcerias/mensagens/todas
[2026-05-23T22:25:01.959Z] GET /api/parcerias/mensagens/todas
[2026-05-23T22:25:04.965Z] GET /api/parcerias/mensagens/todas
[2026-05-23T22:25:07.964Z] GET /api/parcerias/mensagens/todas
[2026-05-23T22:25:10.970Z] GET /api/parcerias/mensagens/todas
[2026-05-23T22:25:13.967Z] GET /api/parcerias/mensagens/todas
[2026-05-23T22:25:16.993Z] GET /api/parcerias/mensagens/todas
[2026-05-23T22:25:19.967Z] GET /api/parcerias/mensagens/todas
[2026-05-23T22:25:22.177Z] GET /dashboard-admin
[2026-05-23T22:25:35.682Z] GET /api/parcerias/mensagens/todas
[2026-05-23T22:25:35.718Z] GET /api/parcerias/mensagens/todas
[2026-05-23T22:25:36.032Z] GET /api/parcerias/mensagens/todas
[2026-05-23T22:25:39.082Z] GET /api/parcerias/mensagens/todas
[2026-05-23T22:25:42.083Z] GET /api/parcerias/mensagens/todas
[2026-05-23T22:25:45.068Z] GET /api/parcerias/mensagens/todas
[2026-05-23T22:25:48.098Z] GET /api/parcerias/mensagens/todas
[2026-05-23T22:25:51.079Z] GET /api/parcerias/mensagens/todas
[2026-05-23T22:25:54.078Z] GET /api/parcerias/mensagens/todas
[2026-05-23T22:25:57.068Z] GET /api/parcerias/mensagens/todas
[2026-05-23T22:26:00.073Z] GET /api/parcerias/mensagens/todas
[2026-05-23T22:26:03.079Z] GET /api/parcerias/mensagens/todas
[2026-05-23T22:26:06.076Z] GET /api/parcerias/mensagens/todas
[2026-05-23T22:26:09.068Z] GET /api/parcerias/mensagens/todas
[2026-05-23T22:26:12.092Z] GET /api/parcerias/mensagens/todas
[2026-05-23T22:26:15.076Z] GET /api/parcerias/mensagens/todas
[2026-05-23T22:26:18.072Z] GET /api/parcerias/mensagens/todas
[2026-05-23T22:26:21.073Z] GET /api/parcerias/mensagens/todas
[2026-05-23T22:26:24.074Z] GET /api/parcerias/mensagens/todas
[2026-05-23T22:26:27.071Z] GET /api/parcerias/mensagens/todas
[2026-05-23T22:26:30.065Z] GET /api/parcerias/mensagens/todas
[2026-05-23T22:26:33.071Z] GET /api/parcerias/mensagens/todas
[2026-05-23T22:26:35.677Z] GET /api/parcerias/mensagens/todas
[2026-05-23T22:26:35.696Z] GET /api/parcerias/mensagens/todas
[2026-05-23T22:26:36.072Z] GET /api/parcerias/mensagens/todas
[2026-05-23T22:26:37.359Z] GET /dashboard-admin
[2026-05-23T22:26:51.578Z] GET /api/parcerias/mensagens/todas
[2026-05-23T22:26:54.618Z] GET /api/parcerias/mensagens/todas
[2026-05-23T22:26:57.621Z] GET /api/parcerias/mensagens/todas
[2026-05-23T22:27:00.619Z] GET /api/parcerias/mensagens/todas
[2026-05-23T22:27:03.623Z] GET /api/parcerias/mensagens/todas
[2026-05-23T22:27:06.618Z] GET /api/parcerias/mensagens/todas
[2026-05-23T22:27:09.610Z] GET /api/parcerias/mensagens/todas
[2026-05-23T22:27:12.619Z] GET /api/parcerias/mensagens/todas
[2026-05-23T22:27:15.607Z] GET /api/parcerias/mensagens/todas
[2026-05-23T22:27:18.610Z] GET /api/parcerias/mensagens/todas
[2026-05-23T22:27:21.601Z] GET /api/parcerias/mensagens/todas
[2026-05-23T22:27:24.613Z] GET /api/parcerias/mensagens/todas
[2026-05-23T22:27:27.621Z] GET /api/parcerias/mensagens/todas
[2026-05-23T22:27:28.318Z] GET /dashboard-admin
[2026-05-23T22:27:35.695Z] GET /api/parcerias/mensagens/todas
[2026-05-23T22:27:35.707Z] GET /api/parcerias/mensagens/todas
[2026-05-23T22:27:45.702Z] GET /api/parcerias/mensagens/todas
[2026-05-23T22:27:48.787Z] GET /api/parcerias/mensagens/todas
[2026-05-23T22:27:51.768Z] GET /api/parcerias/mensagens/todas
[2026-05-23T22:27:54.771Z] GET /api/parcerias/mensagens/todas
[2026-05-23T22:27:57.776Z] GET /api/parcerias/mensagens/todas
[2026-05-23T22:28:00.789Z] GET /api/parcerias/mensagens/todas
[2026-05-23T22:28:03.777Z] GET /api/parcerias/mensagens/todas
[2026-05-23T22:28:06.783Z] GET /api/parcerias/mensagens/todas
[2026-05-23T22:28:09.771Z] GET /api/parcerias/mensagens/todas
[2026-05-23T22:28:12.798Z] GET /api/parcerias/mensagens/todas
[2026-05-23T22:28:15.771Z] GET /api/parcerias/mensagens/todas
[2026-05-23T22:28:18.785Z] GET /api/parcerias/mensagens/todas
[2026-05-23T22:28:21.785Z] GET /api/parcerias/mensagens/todas
[2026-05-23T22:28:24.773Z] GET /api/parcerias/mensagens/todas
[2026-05-23T22:28:27.781Z] GET /api/parcerias/mensagens/todas
[2026-05-23T22:28:28.249Z] GET /dashboard-admin
[2026-05-23T22:28:35.682Z] GET /api/parcerias/mensagens/todas
[2026-05-23T22:28:35.725Z] GET /api/parcerias/mensagens/todas
[2026-05-23T22:28:37.007Z] GET /api/parcerias/mensagens/todas
[2026-05-23T22:28:40.072Z] GET /api/parcerias/mensagens/todas
[2026-05-23T22:28:43.077Z] GET /api/parcerias/mensagens/todas
[2026-05-23T22:28:46.064Z] GET /api/parcerias/mensagens/todas
[2026-05-23T22:28:49.073Z] GET /api/parcerias/mensagens/todas
[2026-05-23T22:28:52.097Z] GET /api/parcerias/mensagens/todas
[2026-05-23T22:28:55.090Z] GET /api/parcerias/mensagens/todas
[2026-05-23T22:28:58.082Z] GET /api/parcerias/mensagens/todas
[2026-05-23T22:29:01.075Z] GET /api/parcerias/mensagens/todas
[2026-05-23T22:29:04.092Z] GET /api/parcerias/mensagens/todas
[2026-05-23T22:29:07.074Z] GET /api/parcerias/mensagens/todas
[2026-05-23T22:29:10.074Z] GET /api/parcerias/mensagens/todas
[2026-05-23T22:29:13.074Z] GET /api/parcerias/mensagens/todas
[2026-05-23T22:29:16.068Z] GET /api/parcerias/mensagens/todas
[2026-05-23T22:29:19.074Z] GET /api/parcerias/mensagens/todas
[2026-05-23T22:29:22.073Z] GET /api/parcerias/mensagens/todas
[2026-05-23T22:29:25.068Z] GET /api/parcerias/mensagens/todas
[2026-05-23T22:29:28.079Z] GET /api/parcerias/mensagens/todas
[2026-05-23T22:29:31.072Z] GET /api/parcerias/mensagens/todas
[2026-05-23T22:29:32.269Z] POST /api/parcerias/1/mensagens
[2026-05-23T22:29:32.378Z] GET /api/parcerias/mensagens/todas
[2026-05-23T22:29:32.493Z] GET /img/logo.png
[2026-05-23T22:29:34.084Z] GET /api/parcerias/mensagens/todas
[2026-05-23T22:29:35.689Z] GET /api/parcerias/mensagens/todas
[2026-05-23T22:29:35.710Z] GET /api/parcerias/mensagens/todas
[2026-05-23T22:29:37.087Z] GET /api/parcerias/mensagens/todas
[2026-05-23T22:29:40.076Z] GET /api/parcerias/mensagens/todas
[2026-05-23T22:29:43.069Z] GET /api/parcerias/mensagens/todas
[2026-05-23T22:29:46.085Z] GET /api/parcerias/mensagens/todas
[2026-05-23T22:29:49.082Z] GET /api/parcerias/mensagens/todas
[2026-05-23T22:29:52.086Z] GET /api/parcerias/mensagens/todas
[2026-05-23T22:29:52.223Z] GET /api/parcerias/mensagens/todas
[2026-05-23T22:29:54.687Z] GET /api/parcerias/mensagens/todas
[2026-05-23T22:29:55.077Z] GET /api/parcerias/mensagens/todas
[2026-05-23T22:29:57.234Z] GET /api/parcerias/mensagens/todas
[2026-05-23T22:29:58.082Z] GET /api/parcerias/mensagens/todas
[2026-05-23T22:29:58.735Z] GET /dashboard-admin
[2026-05-23T22:30:01.071Z] GET /api/parcerias/mensagens/todas
[2026-05-23T22:30:02.848Z] GET /api/parcerias/mensagens/todas
[2026-05-23T22:30:04.079Z] GET /api/parcerias/mensagens/todas
[2026-05-23T22:30:05.876Z] GET /api/parcerias/mensagens/todas
[2026-05-23T22:30:07.076Z] GET /api/parcerias/mensagens/todas
[2026-05-23T22:30:08.875Z] GET /api/parcerias/mensagens/todas
[2026-05-23T22:30:10.075Z] GET /api/parcerias/mensagens/todas
[2026-05-23T22:30:11.874Z] GET /api/parcerias/mensagens/todas
[2026-05-23T22:30:13.077Z] GET /api/parcerias/mensagens/todas
[2026-05-23T22:30:14.887Z] GET /api/parcerias/mensagens/todas
[2026-05-23T22:30:15.968Z] POST /api/parcerias/1/mensagens
[2026-05-23T22:30:15.983Z] GET /api/parcerias/mensagens/todas
[2026-05-23T22:30:16.074Z] GET /api/parcerias/mensagens/todas
[2026-05-23T22:30:16.098Z] GET /img/logo.png
[2026-05-23T22:30:17.875Z] GET /api/parcerias/mensagens/todas
[2026-05-23T22:30:19.081Z] GET /api/parcerias/mensagens/todas
[2026-05-23T22:30:20.383Z] GET /api/parcerias/mensagens/todas
[2026-05-23T22:30:21.686Z] GET /api/parcerias/mensagens/todas
[2026-05-23T22:30:21.976Z] GET /api/parcerias/mensagens/todas
[2026-05-23T22:30:22.074Z] GET /api/parcerias/mensagens/todas
[2026-05-23T22:30:24.678Z] GET /api/parcerias/mensagens/todas
[2026-05-23T22:30:24.973Z] GET /api/parcerias/mensagens/todas
[2026-05-23T22:30:25.083Z] GET /api/parcerias/mensagens/todas
[2026-05-23T22:30:27.691Z] GET /api/parcerias/mensagens/todas
[2026-05-23T22:30:27.990Z] GET /api/parcerias/mensagens/todas
[2026-05-23T22:30:28.083Z] GET /api/parcerias/mensagens/todas
[2026-05-23T22:30:29.850Z] POST /api/parcerias/1/mensagens
[2026-05-23T22:30:30.376Z] GET /api/parcerias/mensagens/todas
[2026-05-23T22:30:30.696Z] GET /api/parcerias/mensagens/todas
[2026-05-23T22:30:30.978Z] GET /api/parcerias/mensagens/todas
[2026-05-23T22:30:31.072Z] GET /api/parcerias/mensagens/todas
[2026-05-23T22:30:31.101Z] GET /img/logo.png
[2026-05-23T22:30:33.699Z] GET /api/parcerias/mensagens/todas
[2026-05-23T22:30:33.978Z] GET /api/parcerias/mensagens/todas
[2026-05-23T22:30:34.073Z] GET /api/parcerias/mensagens/todas
[2026-05-23T22:30:36.691Z] GET /api/parcerias/mensagens/todas
[2026-05-23T22:30:36.971Z] GET /api/parcerias/mensagens/todas
[2026-05-23T22:30:37.075Z] GET /api/parcerias/mensagens/todas
[2026-05-23T22:30:39.681Z] GET /api/parcerias/mensagens/todas
[2026-05-23T22:30:40.071Z] GET /api/parcerias/mensagens/todas
[2026-05-23T22:30:40.691Z] GET /api/parcerias/mensagens/todas
[2026-05-23T22:30:42.687Z] GET /api/parcerias/mensagens/todas
[2026-05-23T22:30:43.071Z] GET /api/parcerias/mensagens/todas
[2026-05-23T22:30:43.695Z] GET /api/parcerias/mensagens/todas
[2026-05-23T22:30:45.690Z] GET /api/parcerias/mensagens/todas
[2026-05-23T22:30:46.070Z] GET /api/parcerias/mensagens/todas
[2026-05-23T22:30:46.241Z] GET /api/parcerias/mensagens/todas
[2026-05-23T22:30:48.275Z] GET /api/parcerias/mensagens/todas
[2026-05-23T22:30:49.086Z] GET /api/parcerias/mensagens/todas
[2026-05-23T22:30:49.693Z] GET /api/parcerias/mensagens/todas
[2026-05-23T22:30:50.890Z] GET /api/parcerias/mensagens/todas
[2026-05-23T22:30:52.079Z] GET /api/parcerias/mensagens/todas
[2026-05-23T22:30:52.687Z] GET /api/parcerias/mensagens/todas
[2026-05-23T22:30:53.884Z] GET /api/parcerias/mensagens/todas
[2026-05-23T22:30:55.085Z] GET /api/parcerias/mensagens/todas
[2026-05-23T22:30:55.684Z] GET /api/parcerias/mensagens/todas
[2026-05-23T22:30:56.884Z] GET /api/parcerias/mensagens/todas
[2026-05-23T22:30:58.084Z] GET /api/parcerias/mensagens/todas
[2026-05-23T22:30:58.801Z] GET /api/parcerias/mensagens/todas
[2026-05-23T22:30:59.881Z] GET /api/parcerias/mensagens/todas
[2026-05-23T22:31:01.083Z] GET /api/parcerias/mensagens/todas
[2026-05-23T22:31:01.682Z] GET /api/parcerias/mensagens/todas
[2026-05-23T22:31:02.882Z] GET /api/parcerias/mensagens/todas
[2026-05-23T22:31:04.075Z] GET /api/parcerias/mensagens/todas
[2026-05-23T22:31:04.686Z] GET /api/parcerias/mensagens/todas
[2026-05-23T22:31:05.882Z] GET /api/parcerias/mensagens/todas
[2026-05-23T22:31:07.083Z] GET /api/parcerias/mensagens/todas
[2026-05-23T22:31:07.630Z] POST /api/parcerias/1/mensagens
[2026-05-23T22:31:07.643Z] GET /api/parcerias/mensagens/todas
[2026-05-23T22:31:07.676Z] GET /api/parcerias/mensagens/todas
[2026-05-23T22:31:08.881Z] GET /api/parcerias/mensagens/todas
[2026-05-23T22:31:10.081Z] GET /api/parcerias/mensagens/todas
[2026-05-23T22:31:10.120Z] GET /img/logo.png
[2026-05-23T22:31:10.688Z] GET /api/parcerias/mensagens/todas
[2026-05-23T22:31:11.882Z] GET /api/parcerias/mensagens/todas
[2026-05-23T22:31:13.083Z] GET /api/parcerias/mensagens/todas
[2026-05-23T22:31:13.683Z] GET /api/parcerias/mensagens/todas
[2026-05-23T22:31:14.883Z] GET /api/parcerias/mensagens/todas
[2026-05-23T22:31:16.072Z] GET /api/parcerias/mensagens/todas
[2026-05-23T22:31:16.786Z] GET /api/parcerias/mensagens/todas
[2026-05-23T22:31:17.874Z] GET /api/parcerias/mensagens/todas
[2026-05-23T22:31:19.084Z] GET /api/parcerias/mensagens/todas
[2026-05-23T22:31:19.702Z] GET /api/parcerias/mensagens/todas
[2026-05-23T22:31:20.883Z] GET /api/parcerias/mensagens/todas
[2026-05-23T22:31:22.084Z] GET /api/parcerias/mensagens/todas
[2026-05-23T22:31:22.675Z] GET /api/parcerias/mensagens/todas
[2026-05-23T22:31:23.873Z] GET /api/parcerias/mensagens/todas
[2026-05-23T22:31:25.079Z] GET /api/parcerias/mensagens/todas
[2026-05-23T22:31:25.685Z] GET /api/parcerias/mensagens/todas
[2026-05-23T22:31:26.880Z] GET /api/parcerias/mensagens/todas
[2026-05-23T22:31:28.080Z] GET /api/parcerias/mensagens/todas
[2026-05-23T22:31:28.680Z] GET /api/parcerias/mensagens/todas
[2026-05-23T22:31:29.880Z] GET /api/parcerias/mensagens/todas
[2026-05-23T22:31:31.083Z] GET /api/parcerias/mensagens/todas
[2026-05-23T22:31:31.680Z] GET /api/parcerias/mensagens/todas
[2026-05-23T22:31:32.905Z] GET /api/parcerias/mensagens/todas
[2026-05-23T22:31:34.085Z] GET /api/parcerias/mensagens/todas
[2026-05-23T22:31:34.682Z] GET /api/parcerias/mensagens/todas
[2026-05-23T22:31:35.877Z] GET /api/parcerias/mensagens/todas
[2026-05-23T22:31:37.070Z] GET /api/parcerias/mensagens/todas
[2026-05-23T22:31:37.700Z] GET /api/parcerias/mensagens/todas
[2026-05-23T22:31:39.696Z] GET /api/parcerias/mensagens/todas
[2026-05-23T22:31:39.967Z] GET /api/parcerias/mensagens/todas
[2026-05-23T22:31:40.077Z] GET /api/parcerias/mensagens/todas
[2026-05-23T22:31:42.698Z] GET /api/parcerias/mensagens/todas
[2026-05-23T22:31:42.969Z] GET /api/parcerias/mensagens/todas
[2026-05-23T22:31:43.098Z] GET /api/parcerias/mensagens/todas
[2026-05-23T22:31:45.718Z] GET /api/parcerias/mensagens/todas
[2026-05-23T22:31:45.990Z] GET /api/parcerias/mensagens/todas
[2026-05-23T22:31:46.068Z] GET /api/parcerias/mensagens/todas
[2026-05-23T22:31:48.678Z] GET /api/parcerias/mensagens/todas
[2026-05-23T22:31:48.974Z] GET /api/parcerias/mensagens/todas
[2026-05-23T22:31:49.076Z] GET /api/parcerias/mensagens/todas
[2026-05-23T22:31:51.692Z] GET /api/parcerias/mensagens/todas
[2026-05-23T22:31:51.982Z] GET /api/parcerias/mensagens/todas
[2026-05-23T22:31:52.095Z] GET /api/parcerias/mensagens/todas
[2026-05-23T22:31:54.699Z] GET /api/parcerias/mensagens/todas
[2026-05-23T22:31:54.981Z] GET /api/parcerias/mensagens/todas
[2026-05-23T22:31:55.094Z] GET /api/parcerias/mensagens/todas
[2026-05-23T22:31:57.690Z] GET /api/parcerias/mensagens/todas
[2026-05-23T22:31:57.966Z] GET /api/parcerias/mensagens/todas
[2026-05-23T22:31:58.073Z] GET /api/parcerias/mensagens/todas
[2026-05-23T22:32:00.691Z] GET /api/parcerias/mensagens/todas
[2026-05-23T22:32:00.972Z] GET /api/parcerias/mensagens/todas
[2026-05-23T22:32:01.076Z] GET /api/parcerias/mensagens/todas
[2026-05-23T22:32:03.693Z] GET /api/parcerias/mensagens/todas
[2026-05-23T22:32:03.977Z] GET /api/parcerias/mensagens/todas
[2026-05-23T22:32:04.087Z] GET /api/parcerias/mensagens/todas
[2026-05-23T22:32:06.689Z] GET /api/parcerias/mensagens/todas
[2026-05-23T22:32:06.971Z] GET /api/parcerias/mensagens/todas
[2026-05-23T22:32:07.073Z] GET /api/parcerias/mensagens/todas
[2026-05-23T22:32:09.686Z] GET /api/parcerias/mensagens/todas
[2026-05-23T22:32:09.969Z] GET /api/parcerias/mensagens/todas
[2026-05-23T22:32:10.072Z] GET /api/parcerias/mensagens/todas
[2026-05-23T22:32:12.686Z] GET /api/parcerias/mensagens/todas
[2026-05-23T22:32:12.968Z] GET /api/parcerias/mensagens/todas
[2026-05-23T22:32:13.137Z] GET /api/parcerias/mensagens/todas
[2026-05-23T22:32:15.690Z] GET /api/parcerias/mensagens/todas
[2026-05-23T22:32:15.973Z] GET /api/parcerias/mensagens/todas
[2026-05-23T22:32:16.078Z] GET /api/parcerias/mensagens/todas
[2026-05-23T22:32:18.685Z] GET /api/parcerias/mensagens/todas
[2026-05-23T22:32:18.988Z] GET /api/parcerias/mensagens/todas
[2026-05-23T22:32:19.090Z] GET /api/parcerias/mensagens/todas
[2026-05-23T22:32:21.690Z] GET /api/parcerias/mensagens/todas
[2026-05-23T22:32:21.968Z] GET /api/parcerias/mensagens/todas
[2026-05-23T22:32:22.085Z] GET /api/parcerias/mensagens/todas
[2026-05-23T22:32:24.685Z] GET /api/parcerias/mensagens/todas
[2026-05-23T22:32:24.984Z] GET /api/parcerias/mensagens/todas
[2026-05-23T22:32:25.077Z] GET /api/parcerias/mensagens/todas
[2026-05-23T22:32:27.686Z] GET /api/parcerias/mensagens/todas
[2026-05-23T22:32:27.968Z] GET /api/parcerias/mensagens/todas
[2026-05-23T22:32:28.084Z] GET /api/parcerias/mensagens/todas
[2026-05-23T22:32:30.676Z] GET /api/parcerias/mensagens/todas
[2026-05-23T22:32:30.972Z] GET /api/parcerias/mensagens/todas
[2026-05-23T22:32:31.083Z] GET /api/parcerias/mensagens/todas
[2026-05-23T22:32:33.685Z] GET /api/parcerias/mensagens/todas
[2026-05-23T22:32:33.966Z] GET /api/parcerias/mensagens/todas
[2026-05-23T22:32:34.081Z] GET /api/parcerias/mensagens/todas
[2026-05-23T22:32:34.390Z] POST /api/parcerias/1/mensagens
[2026-05-23T22:32:34.917Z] GET /api/parcerias/mensagens/todas
[2026-05-23T22:32:36.432Z] GET /api/parcerias/mensagens/todas
[2026-05-23T22:32:37.089Z] GET /api/parcerias/mensagens/todas
[2026-05-23T22:32:37.182Z] GET /img/logo.png
[2026-05-23T22:32:37.686Z] GET /api/parcerias/mensagens/todas
[2026-05-23T22:32:38.875Z] GET /api/parcerias/mensagens/todas
[2026-05-23T22:32:40.073Z] GET /api/parcerias/mensagens/todas
[2026-05-23T22:32:40.685Z] GET /api/parcerias/mensagens/todas
[2026-05-23T22:32:41.885Z] GET /api/parcerias/mensagens/todas
[2026-05-23T22:32:43.083Z] GET /api/parcerias/mensagens/todas
[2026-05-23T22:32:43.690Z] GET /api/parcerias/mensagens/todas
[2026-05-23T22:32:44.873Z] GET /api/parcerias/mensagens/todas
[2026-05-23T22:32:46.070Z] GET /api/parcerias/mensagens/todas
[2026-05-23T22:32:46.686Z] GET /api/parcerias/mensagens/todas
[2026-05-23T22:32:47.884Z] GET /api/parcerias/mensagens/todas
[2026-05-23T22:32:49.088Z] GET /api/parcerias/mensagens/todas
[2026-05-23T22:32:49.688Z] GET /api/parcerias/mensagens/todas
[2026-05-23T22:32:52.086Z] GET /api/parcerias/mensagens/todas
[2026-05-23T22:32:52.687Z] GET /api/parcerias/mensagens/todas
[2026-05-23T22:32:52.822Z] GET /api/parcerias/mensagens/todas
[2026-05-23T22:32:55.082Z] GET /api/parcerias/mensagens/todas
[2026-05-23T22:32:55.683Z] GET /api/parcerias/mensagens/todas
[2026-05-23T22:32:55.860Z] GET /api/parcerias/mensagens/todas
[2026-05-23T22:32:58.078Z] GET /api/parcerias/mensagens/todas
[2026-05-23T22:32:58.677Z] GET /api/parcerias/mensagens/todas
[2026-05-23T22:32:58.865Z] GET /api/parcerias/mensagens/todas
[2026-05-23T22:33:01.077Z] GET /api/parcerias/mensagens/todas
[2026-05-23T22:33:01.679Z] GET /api/parcerias/mensagens/todas
[2026-05-23T22:33:01.858Z] GET /api/parcerias/mensagens/todas
[2026-05-23T22:33:04.077Z] GET /api/parcerias/mensagens/todas
[2026-05-23T22:33:04.685Z] GET /api/parcerias/mensagens/todas
[2026-05-23T22:33:04.869Z] GET /api/parcerias/mensagens/todas
[2026-05-23T22:33:07.078Z] GET /api/parcerias/mensagens/todas
[2026-05-23T22:33:07.676Z] GET /api/parcerias/mensagens/todas
[2026-05-23T22:33:07.859Z] GET /api/parcerias/mensagens/todas
[2026-05-23T22:33:10.075Z] GET /api/parcerias/mensagens/todas
[2026-05-23T22:33:10.687Z] GET /api/parcerias/mensagens/todas
[2026-05-23T22:33:10.873Z] GET /api/parcerias/mensagens/todas
[2026-05-23T22:33:13.075Z] GET /api/parcerias/mensagens/todas
[2026-05-23T22:33:13.678Z] GET /api/parcerias/mensagens/todas
[2026-05-23T22:33:13.866Z] GET /api/parcerias/mensagens/todas
[2026-05-23T22:33:16.071Z] GET /api/parcerias/mensagens/todas
[2026-05-23T22:33:16.687Z] GET /api/parcerias/mensagens/todas
[2026-05-23T22:33:16.860Z] GET /api/parcerias/mensagens/todas
[2026-05-23T22:33:19.068Z] GET /api/parcerias/mensagens/todas
[2026-05-23T22:33:19.691Z] GET /api/parcerias/mensagens/todas
[2026-05-23T22:33:19.861Z] GET /api/parcerias/mensagens/todas
[2026-05-23T22:33:22.077Z] GET /api/parcerias/mensagens/todas
[2026-05-23T22:33:22.685Z] GET /api/parcerias/mensagens/todas
[2026-05-23T22:33:22.862Z] GET /api/parcerias/mensagens/todas
[2026-05-23T22:33:25.077Z] GET /api/parcerias/mensagens/todas
[2026-05-23T22:33:25.690Z] GET /api/parcerias/mensagens/todas
[2026-05-23T22:33:25.870Z] GET /api/parcerias/mensagens/todas
[2026-05-23T22:33:28.078Z] GET /api/parcerias/mensagens/todas
[2026-05-23T22:33:28.684Z] GET /api/parcerias/mensagens/todas
[2026-05-23T22:33:28.870Z] GET /api/parcerias/mensagens/todas
[2026-05-23T22:33:31.070Z] GET /api/parcerias/mensagens/todas
[2026-05-23T22:33:31.694Z] GET /api/parcerias/mensagens/todas
[2026-05-23T22:33:31.861Z] GET /api/parcerias/mensagens/todas
[2026-05-23T22:33:34.075Z] GET /api/parcerias/mensagens/todas
[2026-05-23T22:33:34.704Z] GET /api/parcerias/mensagens/todas
[2026-05-23T22:33:34.879Z] GET /api/parcerias/mensagens/todas
[2026-05-23T22:33:37.071Z] GET /api/parcerias/mensagens/todas
[2026-05-23T22:33:37.860Z] GET /api/parcerias/mensagens/todas
[2026-05-23T22:33:38.858Z] GET /api/parcerias/mensagens/todas
[2026-05-23T22:33:40.072Z] GET /api/parcerias/mensagens/todas
[2026-05-23T22:33:41.888Z] GET /api/parcerias/mensagens/todas
[2026-05-23T22:33:43.070Z] GET /api/parcerias/mensagens/todas
[2026-05-23T22:33:44.885Z] GET /api/parcerias/mensagens/todas
[2026-05-23T22:33:46.075Z] GET /api/parcerias/mensagens/todas
[2026-05-23T22:33:47.884Z] GET /api/parcerias/mensagens/todas
[2026-05-23T22:33:49.077Z] GET /api/parcerias/mensagens/todas
[2026-05-23T22:33:50.885Z] GET /api/parcerias/mensagens/todas
[2026-05-23T22:33:52.071Z] GET /api/parcerias/mensagens/todas
[2026-05-23T22:33:53.886Z] GET /api/parcerias/mensagens/todas
[2026-05-23T22:33:55.088Z] GET /api/parcerias/mensagens/todas
[2026-05-23T22:33:56.886Z] GET /api/parcerias/mensagens/todas
[2026-05-23T22:33:58.078Z] GET /api/parcerias/mensagens/todas
[2026-05-23T22:33:59.889Z] GET /api/parcerias/mensagens/todas
[2026-05-23T22:34:01.089Z] GET /api/parcerias/mensagens/todas
[2026-05-23T22:34:03.683Z] GET /api/parcerias/mensagens/todas
[2026-05-23T22:34:04.081Z] GET /api/parcerias/mensagens/todas
[2026-05-23T22:34:06.086Z] GET /api/parcerias/mensagens/todas
[2026-05-23T22:34:08.888Z] GET /api/parcerias/mensagens/todas
[2026-05-23T22:34:11.902Z] GET /api/parcerias/mensagens/todas
[2026-05-23T22:34:14.888Z] GET /api/parcerias/mensagens/todas
[2026-05-23T22:34:17.882Z] GET /api/parcerias/mensagens/todas
[2026-05-23T22:34:21.675Z] GET /api/parcerias/mensagens/todas
[2026-05-23T22:34:24.676Z] GET /api/parcerias/mensagens/todas
[2026-05-23T22:34:26.665Z] GET /api/parcerias/mensagens/todas
[2026-05-23T22:34:27.677Z] GET /api/parcerias/mensagens/todas
[2026-05-23T22:34:29.741Z] GET /api/parcerias/mensagens/todas
[2026-05-23T22:34:30.691Z] GET /api/parcerias/mensagens/todas
[2026-05-23T22:34:32.749Z] GET /api/parcerias/mensagens/todas
[2026-05-23T22:34:33.682Z] GET /api/parcerias/mensagens/todas
[2026-05-23T22:34:35.692Z] GET /api/parcerias/mensagens/todas
[2026-05-23T22:34:35.757Z] GET /api/parcerias/mensagens/todas
[2026-05-23T22:34:36.690Z] GET /api/parcerias/mensagens/todas
[2026-05-23T22:34:38.740Z] GET /api/parcerias/mensagens/todas
[2026-05-23T22:34:39.691Z] GET /api/parcerias/mensagens/todas
[2026-05-23T22:34:41.741Z] GET /api/parcerias/mensagens/todas
[2026-05-23T22:34:42.696Z] GET /api/parcerias/mensagens/todas
[2026-05-23T22:34:44.745Z] GET /api/parcerias/mensagens/todas
[2026-05-23T22:34:45.686Z] GET /api/parcerias/mensagens/todas
[2026-05-23T22:34:47.756Z] GET /api/parcerias/mensagens/todas
[2026-05-23T22:34:48.694Z] GET /api/parcerias/mensagens/todas
[2026-05-23T22:34:50.758Z] GET /api/parcerias/mensagens/todas
[2026-05-23T22:34:51.688Z] GET /api/parcerias/mensagens/todas
[2026-05-23T22:34:53.752Z] GET /api/parcerias/mensagens/todas
[2026-05-23T22:34:54.687Z] GET /api/parcerias/mensagens/todas
[2026-05-23T22:34:56.757Z] GET /api/parcerias/mensagens/todas
[2026-05-23T22:34:57.680Z] GET /api/parcerias/mensagens/todas
[2026-05-23T22:34:59.755Z] GET /api/parcerias/mensagens/todas
[2026-05-23T22:35:00.694Z] GET /api/parcerias/mensagens/todas
[2026-05-23T22:35:02.747Z] GET /api/parcerias/mensagens/todas
[2026-05-23T22:35:02.885Z] GET /api/parcerias/mensagens/todas
[2026-05-23T22:35:04.337Z] GET /api/parcerias/mensagens/todas
[2026-05-23T22:35:05.754Z] GET /api/parcerias/mensagens/todas
[2026-05-23T22:35:07.372Z] GET /api/parcerias/mensagens/todas
[2026-05-23T22:35:08.756Z] GET /api/parcerias/mensagens/todas
[2026-05-23T22:35:10.371Z] GET /api/parcerias/mensagens/todas
[2026-05-23T22:35:11.743Z] GET /api/parcerias/mensagens/todas
[2026-05-23T22:35:13.686Z] GET /api/parcerias/mensagens/todas
[2026-05-23T22:35:14.752Z] GET /api/parcerias/mensagens/todas
[2026-05-23T22:35:16.718Z] GET /api/parcerias/mensagens/todas
[2026-05-23T22:35:17.754Z] GET /api/parcerias/mensagens/todas
[2026-05-23T22:35:19.690Z] GET /api/parcerias/mensagens/todas
[2026-05-23T22:35:20.757Z] GET /api/parcerias/mensagens/todas
[2026-05-23T22:35:22.686Z] GET /api/parcerias/mensagens/todas
[2026-05-23T22:35:23.758Z] GET /api/parcerias/mensagens/todas
[2026-05-23T22:35:25.683Z] GET /api/parcerias/mensagens/todas
[2026-05-23T22:35:26.748Z] GET /api/parcerias/mensagens/todas
[2026-05-23T22:35:28.683Z] GET /api/parcerias/mensagens/todas
[2026-05-23T22:35:29.749Z] GET /api/parcerias/mensagens/todas
[2026-05-23T22:35:31.678Z] GET /api/parcerias/mensagens/todas
[2026-05-23T22:35:32.748Z] GET /api/parcerias/mensagens/todas
[2026-05-23T22:35:34.687Z] GET /api/parcerias/mensagens/todas
[2026-05-23T22:35:35.677Z] GET /api/parcerias/mensagens/todas
[2026-05-23T22:35:35.743Z] GET /api/parcerias/mensagens/todas
[2026-05-23T22:35:37.694Z] GET /api/parcerias/mensagens/todas
[2026-05-23T22:35:38.750Z] GET /api/parcerias/mensagens/todas
[2026-05-23T22:35:40.692Z] GET /api/parcerias/mensagens/todas
[2026-05-23T22:35:41.747Z] GET /api/parcerias/mensagens/todas
[2026-05-23T22:35:43.695Z] GET /api/parcerias/mensagens/todas
[2026-05-23T22:35:44.747Z] GET /api/parcerias/mensagens/todas
[2026-05-23T22:35:46.677Z] GET /api/parcerias/mensagens/todas
[2026-05-23T22:35:47.746Z] GET /api/parcerias/mensagens/todas
[2026-05-23T22:35:49.678Z] GET /api/parcerias/mensagens/todas
[2026-05-23T22:35:50.746Z] GET /api/parcerias/mensagens/todas
[2026-05-23T22:35:52.893Z] GET /api/parcerias/mensagens/todas
[2026-05-23T22:35:53.766Z] GET /api/parcerias/mensagens/todas
[2026-05-23T22:35:55.684Z] GET /api/parcerias/mensagens/todas
[2026-05-23T22:35:56.758Z] GET /api/parcerias/mensagens/todas
[2026-05-23T22:35:58.702Z] GET /api/parcerias/mensagens/todas
[2026-05-23T22:35:59.745Z] GET /api/parcerias/mensagens/todas
[2026-05-23T22:36:01.998Z] GET /api/parcerias/mensagens/todas
[2026-05-23T22:36:02.752Z] GET /api/parcerias/mensagens/todas
[2026-05-23T22:36:04.694Z] GET /api/parcerias/mensagens/todas
[2026-05-23T22:36:05.744Z] GET /api/parcerias/mensagens/todas
[2026-05-23T22:36:07.696Z] GET /api/parcerias/mensagens/todas
[2026-05-23T22:36:08.778Z] GET /api/parcerias/mensagens/todas
[2026-05-23T22:36:11.760Z] GET /api/parcerias/mensagens/todas
[2026-05-23T22:36:14.762Z] GET /api/parcerias/mensagens/todas
[2026-05-23T22:36:17.759Z] GET /api/parcerias/mensagens/todas
[2026-05-23T22:36:20.757Z] GET /api/parcerias/mensagens/todas
[2026-05-23T22:36:23.747Z] GET /api/parcerias/mensagens/todas
[2026-05-23T22:36:26.755Z] GET /api/parcerias/mensagens/todas
[2026-05-23T22:36:29.759Z] GET /api/parcerias/mensagens/todas
[2026-05-23T22:36:32.761Z] GET /api/parcerias/mensagens/todas
[2026-05-23T22:36:35.695Z] GET /api/parcerias/mensagens/todas
[2026-05-23T22:36:35.723Z] GET /api/parcerias/mensagens/todas
[2026-05-23T22:36:35.754Z] GET /api/parcerias/mensagens/todas
[2026-05-23T22:36:38.757Z] GET /api/parcerias/mensagens/todas
[2026-05-23T22:36:41.758Z] GET /api/parcerias/mensagens/todas
[2026-05-23T22:36:44.752Z] GET /api/parcerias/mensagens/todas
[2026-05-23T22:36:47.750Z] GET /api/parcerias/mensagens/todas
[2026-05-23T22:36:50.753Z] GET /api/parcerias/mensagens/todas
[2026-05-23T22:36:53.748Z] GET /api/parcerias/mensagens/todas
[2026-05-23T22:36:56.754Z] GET /api/parcerias/mensagens/todas
[2026-05-23T22:36:59.748Z] GET /api/parcerias/mensagens/todas
[2026-05-23T22:37:02.747Z] GET /api/parcerias/mensagens/todas
[2026-05-23T22:37:05.748Z] GET /api/parcerias/mensagens/todas
[2026-05-23T22:37:08.746Z] GET /api/parcerias/mensagens/todas
[2026-05-23T22:37:11.750Z] GET /api/parcerias/mensagens/todas
[2026-05-23T22:37:14.749Z] GET /api/parcerias/mensagens/todas
[2026-05-23T22:37:17.747Z] GET /api/parcerias/mensagens/todas
[2026-05-23T22:37:20.746Z] GET /api/parcerias/mensagens/todas
[2026-05-23T22:37:23.745Z] GET /api/parcerias/mensagens/todas
[2026-05-23T22:37:26.746Z] GET /api/parcerias/mensagens/todas
[2026-05-23T22:37:29.757Z] GET /api/parcerias/mensagens/todas
[2026-05-23T22:37:32.759Z] GET /api/parcerias/mensagens/todas
[2026-05-23T22:37:35.687Z] GET /api/parcerias/mensagens/todas
[2026-05-23T22:37:35.717Z] GET /api/parcerias/mensagens/todas
[2026-05-23T22:37:35.747Z] GET /api/parcerias/mensagens/todas
[2026-05-23T22:37:38.757Z] GET /api/parcerias/mensagens/todas
[2026-05-23T22:37:41.746Z] GET /api/parcerias/mensagens/todas
[2026-05-23T22:37:44.761Z] GET /api/parcerias/mensagens/todas
[2026-05-23T22:37:47.766Z] GET /api/parcerias/mensagens/todas
[2026-05-23T22:37:50.771Z] GET /api/parcerias/mensagens/todas
[2026-05-23T22:37:53.748Z] GET /api/parcerias/mensagens/todas
[2026-05-23T22:37:56.757Z] GET /api/parcerias/mensagens/todas
[2026-05-23T22:37:59.761Z] GET /api/parcerias/mensagens/todas
[2026-05-23T22:38:02.748Z] GET /api/parcerias/mensagens/todas
[2026-05-23T22:38:05.741Z] GET /api/parcerias/mensagens/todas
[2026-05-23T22:38:08.745Z] GET /api/parcerias/mensagens/todas
[2026-05-23T22:38:11.747Z] GET /api/parcerias/mensagens/todas
[2026-05-23T22:38:14.751Z] GET /api/parcerias/mensagens/todas
[2026-05-23T22:38:17.772Z] GET /api/parcerias/mensagens/todas
[2026-05-23T22:38:20.763Z] GET /api/parcerias/mensagens/todas
[2026-05-23T22:38:23.749Z] GET /api/parcerias/mensagens/todas
[2026-05-23T22:38:26.753Z] GET /api/parcerias/mensagens/todas
[2026-05-23T22:38:29.748Z] GET /api/parcerias/mensagens/todas
[2026-05-23T22:38:32.746Z] GET /api/parcerias/mensagens/todas
[2026-05-23T22:38:35.683Z] GET /api/parcerias/mensagens/todas
[2026-05-23T22:38:36.017Z] GET /api/parcerias/mensagens/todas
[2026-05-23T22:38:36.241Z] GET /api/parcerias/mensagens/todas
[2026-05-23T22:38:38.745Z] GET /api/parcerias/mensagens/todas
[2026-05-23T22:38:41.742Z] GET /api/parcerias/mensagens/todas
[2026-05-23T22:38:44.741Z] GET /api/parcerias/mensagens/todas
[2026-05-23T22:38:47.739Z] GET /api/parcerias/mensagens/todas
[2026-05-23T22:38:50.744Z] GET /api/parcerias/mensagens/todas
[2026-05-23T22:38:53.750Z] GET /api/parcerias/mensagens/todas
[2026-05-23T22:38:56.759Z] GET /api/parcerias/mensagens/todas
[2026-05-23T22:38:59.744Z] GET /api/parcerias/mensagens/todas
[2026-05-23T22:39:02.739Z] GET /api/parcerias/mensagens/todas
[2026-05-23T22:39:05.747Z] GET /api/parcerias/mensagens/todas
[2026-05-23T22:39:07.098Z] GET /dashboard-admin
[2026-05-23T22:39:31.881Z] GET /api/parcerias/mensagens/todas
[2026-05-23T22:39:34.951Z] GET /api/parcerias/mensagens/todas
[2026-05-23T22:39:35.695Z] GET /api/parcerias/mensagens/todas
[2026-05-23T22:39:35.712Z] GET /api/parcerias/mensagens/todas
[2026-05-23T22:39:37.955Z] GET /api/parcerias/mensagens/todas
[2026-05-23T22:39:40.952Z] GET /api/parcerias/mensagens/todas
[2026-05-23T22:39:43.952Z] GET /api/parcerias/mensagens/todas
[2026-05-23T22:39:46.954Z] GET /api/parcerias/mensagens/todas
[2026-05-23T22:39:49.957Z] GET /api/parcerias/mensagens/todas
[2026-05-23T22:39:52.967Z] GET /api/parcerias/mensagens/todas
[2026-05-23T22:39:54.837Z] GET /dashboard-admin
[2026-05-23T22:40:00.194Z] GET /api/parcerias/mensagens/todas
[2026-05-23T22:40:03.232Z] GET /api/parcerias/mensagens/todas
[2026-05-23T22:40:06.244Z] GET /api/parcerias/mensagens/todas
[2026-05-23T22:40:09.246Z] GET /api/parcerias/mensagens/todas
[2026-05-23T22:40:12.235Z] GET /api/parcerias/mensagens/todas
[2026-05-23T22:40:15.231Z] GET /api/parcerias/mensagens/todas
[2026-05-23T22:40:18.236Z] GET /api/parcerias/mensagens/todas
[2026-05-23T22:40:21.250Z] GET /api/parcerias/mensagens/todas
[2026-05-23T22:40:24.240Z] GET /api/parcerias/mensagens/todas
[2026-05-23T22:40:27.242Z] GET /api/parcerias/mensagens/todas
[2026-05-23T22:40:30.243Z] GET /api/parcerias/mensagens/todas
[2026-05-23T22:40:33.239Z] GET /api/parcerias/mensagens/todas
[2026-05-23T22:40:35.692Z] GET /api/parcerias/mensagens/todas
[2026-05-23T22:40:35.698Z] GET /api/parcerias/mensagens/todas
[2026-05-23T22:40:36.237Z] GET /api/parcerias/mensagens/todas
[2026-05-23T22:40:39.239Z] GET /api/parcerias/mensagens/todas
[2026-05-23T22:40:42.236Z] GET /api/parcerias/mensagens/todas
[2026-05-23T22:40:45.239Z] GET /api/parcerias/mensagens/todas
[2026-05-23T22:40:48.239Z] GET /api/parcerias/mensagens/todas
[2026-05-23T22:40:51.235Z] GET /api/parcerias/mensagens/todas
[2026-05-23T22:40:54.239Z] GET /api/parcerias/mensagens/todas
[2026-05-23T22:40:57.244Z] GET /api/parcerias/mensagens/todas
[2026-05-23T22:41:00.236Z] GET /api/parcerias/mensagens/todas
[2026-05-23T22:41:03.224Z] GET /api/parcerias/mensagens/todas
[2026-05-23T22:41:06.225Z] GET /api/parcerias/mensagens/todas
[2026-05-23T22:41:09.228Z] GET /api/parcerias/mensagens/todas
[2026-05-23T22:41:12.239Z] GET /api/parcerias/mensagens/todas
[2026-05-23T22:41:15.235Z] GET /api/parcerias/mensagens/todas
[2026-05-23T22:41:18.236Z] GET /api/parcerias/mensagens/todas
[2026-05-23T22:41:21.232Z] GET /api/parcerias/mensagens/todas
[2026-05-23T22:41:24.228Z] GET /api/parcerias/mensagens/todas
[2026-05-23T22:41:24.599Z] GET /dashboard-admin
[2026-05-23T22:41:35.701Z] GET /api/parcerias/mensagens/todas
[2026-05-23T22:41:35.743Z] GET /api/parcerias/mensagens/todas
[2026-05-23T22:42:00.411Z] GET /api/parcerias/mensagens/todas
[2026-05-23T22:42:03.471Z] GET /api/parcerias/mensagens/todas
[2026-05-23T22:42:06.472Z] GET /api/parcerias/mensagens/todas
[2026-05-23T22:42:09.470Z] GET /api/parcerias/mensagens/todas
[2026-05-23T22:42:12.471Z] GET /api/parcerias/mensagens/todas
[2026-05-23T22:42:15.470Z] GET /api/parcerias/mensagens/todas
[2026-05-23T22:42:18.458Z] GET /api/parcerias/mensagens/todas
[2026-05-23T22:42:21.480Z] GET /api/parcerias/mensagens/todas
[2026-05-23T22:42:24.470Z] GET /api/parcerias/mensagens/todas
[2026-05-23T22:42:27.466Z] GET /api/parcerias/mensagens/todas
[2026-05-23T22:42:30.469Z] GET /api/parcerias/mensagens/todas
[2026-05-23T22:42:33.469Z] GET /api/parcerias/mensagens/todas
[2026-05-23T22:42:35.695Z] GET /api/parcerias/mensagens/todas
[2026-05-23T22:42:35.706Z] GET /api/parcerias/mensagens/todas
[2026-05-23T22:42:36.454Z] GET /api/parcerias/mensagens/todas
[2026-05-23T22:42:39.465Z] GET /api/parcerias/mensagens/todas
[2026-05-23T22:42:42.463Z] GET /api/parcerias/mensagens/todas
[2026-05-23T22:42:45.470Z] GET /api/parcerias/mensagens/todas
[2026-05-23T22:42:48.469Z] GET /api/parcerias/mensagens/todas
[2026-05-23T22:42:50.885Z] GET /api/parcerias/mensagens/todas
[2026-05-23T22:42:51.465Z] GET /api/parcerias/mensagens/todas
[2026-05-23T22:42:52.206Z] GET /dashboard-admin
[2026-05-23T22:42:54.460Z] GET /api/parcerias/mensagens/todas
[2026-05-23T22:42:57.458Z] GET /api/parcerias/mensagens/todas
[2026-05-23T22:42:57.855Z] GET /api/parcerias/mensagens/todas
[2026-05-23T22:43:00.460Z] GET /api/parcerias/mensagens/todas
[2026-05-23T22:43:00.907Z] GET /api/parcerias/mensagens/todas
[2026-05-23T22:43:03.460Z] GET /api/parcerias/mensagens/todas
[2026-05-23T22:43:03.915Z] GET /api/parcerias/mensagens/todas
[2026-05-23T22:43:05.291Z] GET /api/parcerias/mensagens/todas
[2026-05-23T22:43:06.460Z] GET /api/parcerias/mensagens/todas
[2026-05-23T22:43:06.965Z] GET /api/parcerias/mensagens/todas
[2026-05-23T22:43:09.459Z] GET /api/parcerias/mensagens/todas
[2026-05-23T22:43:09.978Z] GET /api/parcerias/mensagens/todas
[2026-05-23T22:43:12.459Z] GET /api/parcerias/mensagens/todas
[2026-05-23T22:43:12.974Z] GET /api/parcerias/mensagens/todas
[2026-05-23T22:43:15.463Z] GET /api/parcerias/mensagens/todas
[2026-05-23T22:43:18.462Z] GET /api/parcerias/mensagens/todas
[2026-05-23T22:43:21.456Z] GET /api/parcerias/mensagens/todas
[2026-05-23T22:43:24.463Z] GET /api/parcerias/mensagens/todas
[2026-05-23T22:43:27.472Z] GET /api/parcerias/mensagens/todas
[2026-05-23T22:43:30.459Z] GET /api/parcerias/mensagens/todas
[2026-05-23T22:43:33.477Z] GET /api/parcerias/mensagens/todas
[2026-05-23T22:43:36.471Z] GET /api/parcerias/mensagens/todas
[2026-05-23T22:43:39.456Z] GET /api/parcerias/mensagens/todas
[2026-05-23T22:43:42.465Z] GET /api/parcerias/mensagens/todas
[2026-05-23T22:43:45.474Z] GET /api/parcerias/mensagens/todas
[2026-05-23T22:43:48.470Z] GET /api/parcerias/mensagens/todas
[2026-05-23T22:43:51.470Z] GET /api/parcerias/mensagens/todas
[2026-05-23T22:43:54.468Z] GET /api/parcerias/mensagens/todas
[2026-05-23T22:43:57.463Z] GET /api/parcerias/mensagens/todas
[2026-05-23T22:45:22.182Z] GET /api/parcerias/mensagens/todas
[2026-05-23T22:45:25.214Z] GET /api/parcerias/mensagens/todas
[2026-05-23T22:45:27.923Z] POST /api/parcerias/1/mensagens
[2026-05-23T22:45:27.934Z] GET /api/parcerias/mensagens/todas
[2026-05-23T22:45:28.212Z] GET /api/parcerias/mensagens/todas
[2026-05-23T22:45:31.206Z] GET /api/parcerias/mensagens/todas
[2026-05-23T22:45:34.683Z] GET /api/parcerias/mensagens/todas
[2026-05-23T22:45:37.685Z] GET /api/parcerias/mensagens/todas
[2026-05-23T22:45:40.675Z] GET /api/parcerias/mensagens/todas
[2026-05-23T22:45:43.450Z] GET /api/parcerias/mensagens/todas
[2026-05-23T22:45:46.674Z] GET /api/parcerias/mensagens/todas
[2026-05-23T22:45:47.947Z] GET /
[2026-05-23T22:45:49.734Z] GET /api/parcerias/mensagens/todas
[2026-05-23T22:46:02.540Z] GET /aluno-cadastro
[2026-05-23T22:50:38.191Z] GET /
[2026-05-23T22:52:02.559Z] GET /
[2026-05-23T22:53:42.438Z] GET /
[2026-05-23T22:53:43.950Z] GET /parcerias-escolas
[2026-05-23T22:53:47.109Z] GET /aluno-login
[2026-05-23T22:55:45.382Z] GET /parcerias-escolas
[2026-05-23T22:55:46.872Z] GET /parcerias-escolas
[2026-05-23T22:55:47.641Z] GET /parcerias-escolas
[2026-05-23T22:56:34.444Z] GET /parcerias-escolas
[2026-05-23T22:57:53.452Z] GET /parcerias-escolas
[2026-05-23T22:57:54.285Z] GET /parcerias-escolas
[2026-05-23T22:57:54.843Z] GET /parcerias-escolas
[2026-05-23T22:59:36.176Z] GET /parcerias-escolas
[2026-05-23T22:59:36.944Z] GET /parcerias-escolas
[2026-05-23T23:01:50.206Z] GET /
[2026-05-23T23:01:51.622Z] GET /favicon.ico
[2026-05-23T23:02:59.888Z] GET /parcerias-escolas
[2026-05-23T23:03:01.781Z] GET /parcerias-escolas
[2026-05-23T23:04:17.553Z] GET /parcerias-escolas
[2026-05-23T23:04:18.602Z] GET /parcerias-escolas
[2026-05-23T23:05:01.193Z] GET /parcerias-escolas
[2026-05-23T23:10:45.946Z] GET /parcerias-escolas
[2026-05-23T23:10:47.708Z] GET /aluno-login
[2026-05-23T23:10:47.735Z] GET /aluno-login
[2026-05-23T23:10:51.886Z] GET /parcerias-escolas
[2026-05-23T23:10:53.354Z] GET /aluno-login
[2026-05-23T23:10:55.381Z] GET /aluno-login
[2026-05-23T23:10:58.840Z] GET /
[2026-05-23T23:11:00.010Z] GET /parcerias-escolas
[2026-05-23T23:11:03.908Z] GET /aluno-login
[2026-05-23T23:12:06.663Z] GET /parcerias-escolas
[2026-05-23T23:13:50.359Z] GET /parcerias-escolas
[2026-05-23T23:14:05.727Z] GET /
[2026-05-23T23:14:12.835Z] GET /instituicoes
[2026-05-23T23:14:12.948Z] GET /img/pss.jpeg
[2026-05-23T23:14:13.234Z] GET /img/esl.jpeg
[2026-05-23T23:16:55.579Z] GET /instituicoes
[2026-05-23T23:16:55.947Z] GET /img/pss.jpeg
[2026-05-23T23:16:55.951Z] GET /img/esl.jpeg
[2026-05-23T23:17:23.136Z] GET /instituicoes
[2026-05-23T23:17:23.704Z] GET /img/pss.jpeg
[2026-05-23T23:17:23.736Z] GET /img/esl.jpeg
[2026-05-23T23:21:25.715Z] GET /instituicoes
[2026-05-23T23:21:26.116Z] GET /img/esl.jpeg
[2026-05-23T23:21:26.130Z] GET /img/pss.jpeg
[2026-05-23T23:21:46.901Z] GET /aluno-login
[2026-05-23T23:23:14.974Z] GET /instituicoes
[2026-05-23T23:23:15.054Z] GET /img/esl.jpeg
[2026-05-23T23:23:15.070Z] GET /img/pss.jpeg
[2026-05-23T23:24:10.687Z] GET /instituicoes
[2026-05-23T23:24:10.942Z] GET /img/pss.jpeg
[2026-05-23T23:24:10.984Z] GET /img/esl.jpeg
[2026-05-23T23:24:44.885Z] GET /instituicoes
[2026-05-23T23:24:44.965Z] GET /img/esl.jpeg
[2026-05-23T23:24:44.971Z] GET /img/pss.jpeg
[2026-05-23T23:26:43.042Z] GET /instituicoes
[2026-05-23T23:26:43.356Z] GET /img/esl.jpeg
[2026-05-23T23:26:43.377Z] GET /img/pss.jpeg
[2026-05-23T23:29:46.477Z] GET /instituicoes
[2026-05-23T23:29:46.548Z] GET /img/esl.jpeg
[2026-05-23T23:29:46.568Z] GET /img/pss.jpeg
[2026-05-23T23:29:47.814Z] GET /instituicoes
[2026-05-23T23:29:47.897Z] GET /img/esl.jpeg
[2026-05-23T23:29:47.918Z] GET /img/pss.jpeg
[2026-05-23T23:29:48.643Z] GET /instituicoes
[2026-05-23T23:29:48.713Z] GET /img/esl.jpeg
[2026-05-23T23:29:48.733Z] GET /img/pss.jpeg
[2026-05-23T23:29:49.281Z] GET /instituicoes
[2026-05-23T23:29:49.358Z] GET /img/pss.jpeg
[2026-05-23T23:29:49.373Z] GET /img/esl.jpeg
[2026-05-23T23:29:49.559Z] GET /instituicoes
[2026-05-23T23:29:49.634Z] GET /img/pss.jpeg
[2026-05-23T23:29:49.651Z] GET /img/esl.jpeg
[2026-05-23T23:33:23.765Z] GET /instituicoes
[2026-05-23T23:33:23.844Z] GET /img/esl.jpeg
[2026-05-23T23:33:23.862Z] GET /img/pss.jpeg
[2026-05-23T23:33:48.535Z] GET /instituicoes
[2026-05-23T23:33:48.623Z] GET /img/esl.jpeg
[2026-05-23T23:33:48.674Z] GET /img/pss.jpeg
[2026-05-23T23:34:27.504Z] GET /instituicoes
[2026-05-23T23:34:27.575Z] GET /img/esl.jpeg
[2026-05-23T23:34:27.608Z] GET /img/pss.jpeg
[2026-05-23T23:34:42.637Z] GET /instituicoes
[2026-05-23T23:34:42.752Z] GET /img/esl.jpeg
[2026-05-23T23:34:42.775Z] GET /img/pss.jpeg
[2026-05-23T23:35:12.815Z] GET /instituicoes
[2026-05-23T23:35:12.909Z] GET /img/esl.jpeg
[2026-05-23T23:35:13.069Z] GET /img/pss.jpeg
[2026-05-23T23:37:27.517Z] GET /instituicoes
[2026-05-23T23:37:27.605Z] GET /img/pss.jpeg
[2026-05-23T23:39:34.114Z] GET /instituicoes
[2026-05-23T23:39:34.231Z] GET /img/pss.jpeg
[2026-05-23T23:41:04.697Z] GET /instituicoes
[2026-05-23T23:41:04.780Z] GET /img/pss.jpeg
[2026-05-23T23:41:28.184Z] GET /instituicoes
[2026-05-23T23:41:28.255Z] GET /img/pss.jpeg
[2026-05-23T23:46:28.075Z] GET /instituicoes
[2026-05-23T23:46:28.155Z] GET /img/pss.jpeg
[2026-05-23T23:52:07.275Z] GET /instituicoes
[2026-05-23T23:52:07.415Z] GET /img/pss.jpeg
[2026-05-23T23:52:09.287Z] GET /favicon.ico
[2026-05-23T23:52:54.396Z] POST /api/instituicoes/adicionar-aluno
[2026-05-23T23:56:47.635Z] GET /instituicoes
[2026-05-23T23:56:48.096Z] GET /img/pss.jpeg
[2026-05-23T23:57:16.465Z] POST /api/instituicoes/adicionar-aluno
[2026-05-23T23:58:07.773Z] POST /api/instituicoes/adicionar-aluno
[2026-05-23T23:58:54.900Z] POST /api/instituicoes/adicionar-aluno
[2026-05-23T23:59:24.891Z] POST /test-post
[2026-05-24T00:00:26.960Z] POST /api/instituicoes/adicionar-aluno
[2026-05-24T00:00:50.354Z] GET /parcerias-escolas
[2026-05-24T00:00:59.945Z] POST /parcerias-escolas
[2026-05-24T00:01:07.723Z] POST /test-post
[2026-05-24T00:01:20.843Z] GET /instituicoes
[2026-05-24T00:01:20.926Z] GET /img/pss.jpeg
[2026-05-24T00:01:45.914Z] POST /api/instituicoes/adicionar-aluno
[2026-05-24T00:02:30.833Z] GET /api/instituicoes/adicionar-aluno
[2026-05-24T00:03:02.215Z] POST /api/instituicoes/adicionar-aluno
[2026-05-24T00:05:05.911Z] POST /api/instituicoes/adicionar-aluno
[2026-05-24T00:06:46.041Z] POST /teste-aluno
[2026-05-24T00:07:45.034Z] POST /api/instituicoes/adicionar-aluno
[2026-05-24T00:11:31.184Z] POST /api/instituicoes/adicionar-aluno
[2026-05-24T00:13:00.483Z] GET /instituicoes
[2026-05-24T00:13:00.566Z] GET /img/pss.jpeg
[2026-05-24T00:13:18.771Z] POST /api/instituicoes/adicionar-aluno
[2026-05-24T00:13:43.431Z] POST /api/instituicoes/adicionar-aluno
[2026-05-24T00:14:02.411Z] POST /api/instituicoes/adicionar-aluno
[2026-05-24T00:14:05.622Z] GET /
